BAT val 7978558 0 3575
BAT val 7988765 0 3574
BAT val 7998995 100 3576
BAT val 8009243 100 3577
BAT val 8019452 0 3573
BAT val 8029635 0 3573
BAT val 8039839 0 3573
BAT val 8050295 0 3570
BAT val 8060473 0 3558
BAT val 8070690 0 3551
BAT val 8080902 0 3550
BAT val 8091107 8 3552
BAT val 8101321 12 3553
BAT val 8111523 0 3549
BAT val 8121735 0 3547
BAT val 8131944 14 3551
BAT val 8142146 18 3552
BAT val 8152359 14 3551
BAT val 8162561 0 3545
BAT val 8172794 6 3547
BAT val 8183031 24 3552
BAT val 8193242 17 3550
BAT val 8203456 13 3549
BAT val 8213663 20 3551
BAT val 8223872 17 3550
BAT val 8234081 10 3548
BAT val 8244294 6 3547
BAT val 8254501 6 3547
BAT val 8264677 6 3547
BAT val 8274887 10 3548
BAT val 8285117 13 3549
BAT val 8295361 13 3549
BAT val 8305573 10 3548
BAT val 8315813 0 3545
BAT val 8325994 3 3546
BAT val 8336200 0 3544
BAT val 8346409 6 3546
BAT val 8356620 6 3546
BAT val 8366860 6 3546
BAT val 8377078 0 3542
BAT val 8387272 12 3546
BAT val 8397480 18 3548
BAT val 8407686 12 3546
BAT val 8417918 18 3548
BAT val 8428124 0 3539
BAT val 8438329 20 3546
BAT val 8448545 14 3544
BAT val 8458752 23 3547
BAT val 8468966 23 3547
BAT val 8479202 14 3544
BAT val 8489416 20 3546
BAT val 8499650 11 3543
BAT val 8509858 0 3538
BAT val 8520063 14 3543
BAT val 8530277 22 3546
BAT val 8540490 11 3542
BAT val 8550730 16 3544
BAT val 8560971 11 3542
BAT val 8571153 5 3540
BAT val 8581396 11 3542
BAT val 8591638 8 3541
BAT val 8601853 2 3539
BAT val 8612062 11 3542
BAT val 8622294 2 3539
BAT val 8632480 0 3538
BAT val 8642689 0 3538
BAT val 8652931 2 3539
BAT val 8663139 11 3542
BAT val 8673342 5 3540
BAT val 8683525 0 3537
BAT val 8693730 2 3538
BAT val 8703939 2 3538
BAT val 8714153 2 3538
BAT val 8724360 0 3536
BAT val 8734569 8 3539
BAT val 8744800 0 3535
BAT val 8755017 2 3536
BAT val 8765186 5 3537
BAT val 8775432 0 3533
BAT val 8785643 10 3537
BAT val 8795853 5 3535
BAT val 8806089 2 3534
BAT val 8816298 5 3535
BAT val 8826470 2 3534
BAT val 8836685 10 3537
BAT val 8846927 7 3536
BAT val 8857141 0 3528
BAT val 8867339 15 3535
BAT val 8877572 17 3536
BAT val 8887746 22 3538
BAT val 8897978 11 3533
BAT val 8908191 11 3533
BAT val 8918400 11 3533
BAT val 8928612 2 3529
BAT val 8938848 8 3532
BAT val 8949027 0 3523
BAT val 8959257 10 3528
BAT val 8969474 14 3530
BAT val 8979687 14 3530
BAT val 8989918 14 3530
BAT val 9000187 14 3530
BAT val 9010372 8 3527
BAT val 9020575 10 3528
BAT val 9030812 10 3528
BAT val 9041028 4 3525
BAT val 9051267 16 3531
BAT val 9061475 6 3526
BAT val 9071649 0 3518
BAT val 9081855 18 3528
BAT val 9092065 11 3524
BAT val 9102274 9 3523
BAT val 9112480 11 3524
BAT val 9122689 0 3517
BAT val 9132898 0 3517
BAT val 9143079 18 3527
BAT val 9153310 12 3524
BAT val 9163525 11 3523
BAT val 9173734 1 3518
BAT val 9183942 5 3520
BAT val 9194148 7 3521
BAT val 9204302 1 3518
BAT val 9214536 0 3517
BAT val 9224738 3 3519
BAT val 9234947 7 3521
BAT val 9245156 1 3518
BAT val 9255365 0 3517
BAT val 9265565 0 3516
BAT val 9275766 0 3516
BAT val 9285981 0 3515
BAT val 9296214 0 3514
BAT val 9306432 0 3514
BAT val 9316669 0 3512
BAT val 9326842 0 3511
BAT val 9337047 0 3511
BAT val 9347232 1 3512
BAT val 9357466 1 3512
BAT val 9367706 0 3511
BAT val 9377913 0 3508
BAT val 9388117 4 3511
BAT val 9398337 0 3508
BAT val 9408539 6 3512
BAT val 9418748 0 3506
BAT val 9428960 12 3514
BAT val 9439198 0 3506
BAT val 9449404 0 3502
BAT val 9459617 7 3507
BAT val 9469832 0 3502
BAT val 9480042 7 3507
BAT val 9490244 2 3504
BAT val 9500456 0 3501
BAT val 9510666 0 3501
BAT val 9520840 1 3502
BAT val 9531043 4 3504
BAT val 9541255 0 3500
BAT val 9551464 0 3500
BAT val 9561667 7 3505
BAT val 9571883 2 3502
BAT val 9582054 0 3495
BAT val 9592294 8 3501
BAT val 9602505 2 3497
BAT val 9612743 0 3495
BAT val 9622956 4 3498
BAT val 9633162 1 3496
BAT val 9643344 2 3497
BAT val 9653553 4 3498
BAT val 9663762 6 3500
BAT val 9673971 0 3494
BAT val 9684183 0 3493
BAT val 9694415 5 3497
BAT val 9704628 1 3494
BAT val 9714862 0 3492
BAT val 9725072 1 3493
BAT val 9735277 0 3491
BAT val 9745495 2 3493
BAT val 9755726 0 3485
BAT val 9765902 2 3487
BAT val 9776115 7 3491
BAT val 9786347 5 3490
BAT val 9796580 0 3482
BAT val 9806794 8 3489
BAT val 9817006 4 3486
BAT val 9827177 3 3485
BAT val 9837384 10 3491
BAT val 9847626 3 3485
BAT val 9857869 3 3485
BAT val 9868088 1 3483
BAT val 9878297 4 3486
BAT val 9888509 1 3483
BAT val 9898720 1 3483
BAT val 9908962 2 3484
BAT val 9919166 0 3481
BAT val 9929377 6 3487
BAT val 9939576 0 3481
BAT val 9949816 3 3484
BAT val 9960065 0 3479
BAT val 9970281 6 3485
BAT val 9980482 0 3479
BAT val 9990741 0 3479
BAT val 10000951 0 3474
BAT val 10011190 4 3478
BAT val 10021428 4 3478
BAT val 10031642 4 3478
BAT val 10041854 2 3476
BAT val 10052056 3 3477
BAT val 10062292 3 3477
BAT val 10072526 0 3474
BAT val 10082734 1 3475
BAT val 10092945 1 3475
BAT val 10103183 1 3475
BAT val 10113366 3 3477
BAT val 10123572 0 3474
BAT val 10133785 0 3472
BAT val 10143993 0 3470
BAT val 10154223 4 3474
BAT val 10164432 2 3472
BAT val 10174615 0 3468
BAT val 10184819 5 3473
BAT val 10195025 0 3467
BAT val 10205237 5 3472
BAT val 10215446 2 3469
BAT val 10225682 5 3472
BAT val 10235861 4 3471
BAT val 10246095 3 3470
BAT val 10256305 3 3470
BAT val 10266521 4 3471
BAT val 10276730 5 3472
BAT val 10286935 0 3466
BAT val 10297111 3 3470
BAT val 10307348 1 3468
BAT val 10317565 3 3470
BAT val 10327806 0 3467
BAT val 10338011 4 3471
BAT val 10348226 3 3470
BAT val 10358394 0 3467
BAT val 10368607 0 3465
BAT val 10378812 1 3467
BAT val 10389019 1 3467
BAT val 10399228 2 3468
BAT val 10409436 0 3465
BAT val 10419615 0 3464
BAT val 10429818 2 3467
BAT val 10440058 0 3465
BAT val 10450273 0 3465
BAT val 10460481 2 3467
BAT val 10470686 3 3468
BAT val 10480860 0 3462
BAT val 10491093 0 3458
BAT val 10501341 0 3457
BAT val 10511555 5 3463
BAT val 10521764 4 3462
BAT val 10531967 6 3464
BAT val 10542116 0 3458
BAT val 10552325 1 3459
BAT val 10562529 5 3463
BAT val 10572738 4 3462
BAT val 10582944 0 3457
BAT val 10593149 4 3462
BAT val 10603331 0 3458
BAT val 10613503 2 3460
BAT val 10623737 0 3458
BAT val 10633952 3 3461
BAT val 10644161 1 3459
BAT val 10654366 2 3460
BAT val 10664575 0 3457
BAT val 10674781 0 3458
BAT val 10684988 4 3462
BAT val 10695196 2 3460
BAT val 10705436 2 3460
BAT val 10715646 1 3459
BAT val 10725855 0 3452
BAT val 10736071 5 3458
BAT val 10746310 5 3458
BAT val 10756518 4 3457
BAT val 10766728 6 3459
BAT val 10776962 5 3458
BAT val 10787170 2 3455
BAT val 10797385 3 3456
BAT val 10807594 6 3459
BAT val 10817799 5 3458
BAT val 10828005 5 3458
BAT val 10838245 0 3453
BAT val 10848429 6 3459
BAT val 10858635 0 3451
BAT val 10868844 4 3456
BAT val 10879059 4 3456
BAT val 10889287 4 3456
BAT val 10899501 6 3459
BAT val 10909708 2 3454
BAT val 10919914 1 3453
BAT val 10930145 4 3456
BAT val 10940350 4 3456
BAT val 10950562 2 3454
BAT val 10960768 3 3455
BAT val 10970948 1 3453
BAT val 10981155 3 3455
BAT val 10991364 0 3452
BAT val 11001595 5 3457
BAT val 11011837 2 3454
BAT val 11022052 1 3453
BAT val 11032281 3 3455
BAT val 11042486 0 3450
BAT val 11052700 0 3451
BAT val 11062911 0 3451
BAT val 11073116 0 3451
BAT val 11083296 0 3451
BAT val 11093529 0 3451
BAT val 11103733 0 3446
BAT val 11113948 3 3450
BAT val 11124162 2 3449
BAT val 11134387 6 3454
BAT val 11144571 4 3451
BAT val 11154780 2 3449
BAT val 11165020 0 3446
BAT val 11175226 7 3455
BAT val 11185435 4 3451
BAT val 11195643 5 3452
BAT val 11205819 4 3451
BAT val 11216024 5 3452
BAT val 11226264 1 3448
BAT val 11236513 2 3449
BAT val 11246722 5 3452
BAT val 11256927 5 3453
BAT val 11267106 2 3449
BAT val 11277311 4 3451
BAT val 11287523 0 3447
BAT val 11297726 3 3450
BAT val 11307935 2 3449
BAT val 11318141 6 3454
BAT val 11328340 3 3450
BAT val 11338558 2 3449
BAT val 11348787 4 3451
BAT val 11358996 2 3449
BAT val 11369198 0 3447
BAT val 11379411 0 3446
BAT val 11389617 0 3447
BAT val 11399833 3 3450
BAT val 11410044 1 3448
BAT val 11420250 2 3449
BAT val 11430452 2 3449
BAT val 11440669 0 3447
BAT val 11450878 0 3444
BAT val 11461049 3 3448
BAT val 11471295 2 3447
BAT val 11481498 2 3447
BAT val 11491716 1 3446
BAT val 11501921 2 3447
BAT val 11512164 0 3443
BAT val 11522369 0 3443
BAT val 11532578 0 3444
BAT val 11542780 2 3446
BAT val 11552996 2 3446
BAT val 11563205 2 3446
BAT val 11573413 0 3442
BAT val 11583588 0 3441
BAT val 11593825 2 3444
BAT val 11604041 2 3444
BAT val 11614243 0 3442
BAT val 11624445 0 3439
BAT val 11634654 0 3434
BAT val 11644827 0 3435
BAT val 11655059 1 3436
BAT val 11665266 0 3434
BAT val 11675482 0 3435
BAT val 11685692 0 3431
BAT val 11695902 2 3434
BAT val 11706103 2 3434
BAT val 11716315 0 3431
BAT val 11726525 5 3438
BAT val 11736733 2 3434
BAT val 11746939 0 3425
BAT val 11757181 2 3429
BAT val 11767363 4 3431
BAT val 11777565 4 3431
BAT val 11787774 0 3425
BAT val 11797980 4 3431
BAT val 11808184 4 3431
BAT val 11818398 4 3431
BAT val 11828607 5 3433
BAT val 11838776 2 3429
BAT val 11848991 3 3430
BAT val 11859225 2 3429
BAT val 11869443 2 3428
BAT val 11879688 3 3430
BAT val 11889921 5 3432
BAT val 11900130 2 3429
BAT val 11910342 0 3425
BAT val 11920549 2 3428
BAT val 11930763 2 3429
BAT val 11940975 1 3427
BAT val 501 0 3352
BAT val 10717 1 3355
BAT val 20953 0 3351
BAT val 31161 3 3359
BAT val 41369 0 3345
BAT val 51579 6 3359
BAT val 61790 6 3358
BAT val 72000 5 3356
BAT val 82205 3 3353
BAT val 92411 6 3358
BAT val 102620 5 3357
BAT val 112822 5 3357
BAT val 123033 5 3356
BAT val 133234 4 3354
BAT val 143447 5 3356
BAT val 153682 6 3358
BAT val 163884 3 3353
BAT val 174083 1 3348
BAT val 184291 6 3359
BAT val 194504 4 3354
BAT val 204766 5 3357
BAT val 214975 5 3357
BAT val 225154 1 3348
BAT val 235363 3 3353
BAT val 245602 6 3358
BAT val 255814 3 3353
BAT val 265923 4 3354
BAT val 276105 18 3385
BAT val 286340 27 3404
BAT val 296545 29 3407
BAT val 306758 30 3409
BAT val 316968 28 3405
BAT val 327169 27 3404
BAT val 337386 29 3407
BAT val 347594 30 3409
BAT val 357803 29 3408
BAT val 368012 30 3409
BAT val 378221 29 3407
BAT val 388430 29 3408
BAT val 398639 29 3407
BAT val 408869 28 3406
BAT val 419084 29 3407
BAT val 429301 29 3408
BAT val 439505 29 3408
BAT val 449710 31 3411
BAT val 459919 30 3410
BAT val 470119 32 3414
BAT val 480307 30 3409
BAT val 490509 29 3408
BAT val 500721 28 3406
BAT val 510927 30 3410
BAT val 521109 30 3409
BAT val 531314 29 3408
BAT val 541546 30 3409
BAT val 551757 29 3408
BAT val 561971 29 3408
BAT val 572172 28 3405
BAT val 582384 29 3408
BAT val 592583 29 3407
BAT val 602804 30 3409
BAT val 613013 29 3407
BAT val 623230 28 3406
BAT val 633471 30 3410
BAT val 643648 28 3405
BAT val 653876 29 3407
BAT val 664091 28 3406
BAT val 674300 28 3406
BAT val 684505 28 3405
BAT val 694710 29 3407
BAT val 704923 29 3407
BAT val 715099 27 3404
BAT val 725299 30 3410
BAT val 735514 30 3410
BAT val 745716 29 3408
BAT val 755931 30 3409
BAT val 766140 30 3410
BAT val 776349 28 3406
BAT val 786558 29 3407
BAT val 796766 28 3405
BAT val 806976 29 3407
BAT val 817185 29 3407
BAT val 827390 29 3407
BAT val 837599 28 3405
BAT val 847802 28 3406
BAT val 858010 27 3404
BAT val 868219 30 3409
BAT val 878435 28 3406
BAT val 888637 28 3406
BAT val 898846 27 3404
BAT val 909052 28 3406
BAT val 919258 30 3409
BAT val 929467 29 3407
BAT val 939709 27 3404
BAT val 949913 28 3406
BAT val 960126 28 3406
BAT val 970338 29 3408
BAT val 980549 27 3404
BAT val 990778 29 3408
BAT val 1000995 28 3406
BAT val 1011200 28 3405
BAT val 1021405 27 3403
BAT val 1031623 28 3406
BAT val 1041833 28 3405
BAT val 1052040 29 3407
BAT val 1062241 29 3408
BAT val 1072455 29 3407
BAT val 1082694 30 3409
BAT val 1092898 27 3404
BAT val 1103112 30 3410
BAT val 1113324 27 3404
BAT val 1123536 28 3405
BAT val 1133773 31 3412
BAT val 1143980 29 3407
BAT val 1154184 27 3404
BAT val 1164390 27 3403
BAT val 1174598 28 3406
BAT val 1184816 28 3405
BAT val 1195046 28 3406
BAT val 1205255 27 3402
BAT val 1215473 28 3405
BAT val 1225705 27 3403
BAT val 1235918 28 3406
BAT val 1246130 28 3406
BAT val 1256332 27 3403
BAT val 1266548 28 3406
BAT val 1276747 28 3405
BAT val 1286959 28 3405
BAT val 1297165 28 3406
BAT val 1307344 27 3404
BAT val 1317547 27 3402
BAT val 1327762 28 3406
BAT val 1337970 27 3402
BAT val 1348173 27 3403
BAT val 1358380 27 3403
BAT val 1368598 28 3405
BAT val 1378796 28 3406
BAT val 1389005 27 3404
BAT val 1399214 28 3405
BAT val 1409417 27 3403
BAT val 1419632 27 3403
BAT val 1429841 26 3401
BAT val 1440054 27 3403
BAT val 1450258 26 3401
BAT val 1460467 27 3403
BAT val 1470676 27 3402
BAT val 1480882 25 3399
BAT val 1491089 27 3404
BAT val 1501303 27 3403
BAT val 1511512 27 3403
BAT val 1521686 26 3401
BAT val 1531896 26 3400
BAT val 1542132 28 3405
BAT val 1552348 26 3401
BAT val 1562557 26 3400
BAT val 1572760 26 3400
BAT val 1582974 28 3405
BAT val 1593183 27 3404
BAT val 1603415 27 3403
BAT val 1613631 26 3400
BAT val 1623871 27 3402
BAT val 1634079 27 3404
BAT val 1644290 26 3401
BAT val 1654491 26 3401
BAT val 1664698 27 3402
BAT val 1674885 26 3400
BAT val 1685116 27 3402
BAT val 1695333 27 3403
BAT val 1705507 25 3399
BAT val 1715715 26 3400
BAT val 1725926 26 3401
BAT val 1736126 26 3400
BAT val 1746310 25 3398
BAT val 1756516 25 3398
BAT val 1766717 26 3401
BAT val 1776931 25 3399
BAT val 1787140 24 3396
BAT val 1797378 24 3397
BAT val 1807591 27 3402
BAT val 1817799 23 3395
BAT val 1828009 24 3397
BAT val 1838214 25 3398
BAT val 1848421 25 3398
BAT val 1858633 26 3400
BAT val 1868844 25 3398
BAT val 1879045 26 3400
BAT val 1889234 24 3397
BAT val 1899466 24 3396
BAT val 1909680 25 3398
BAT val 1919881 23 3395
BAT val 1930098 24 3397
BAT val 1940307 27 3402
BAT val 1950515 25 3399
BAT val 1960721 25 3398
BAT val 1970928 27 3402
BAT val 1981140 24 3397
BAT val 1991348 25 3399
BAT val 2001584 26 3400
BAT val 2011825 25 3399
BAT val 2022034 24 3397
BAT val 2032247 23 3395
BAT val 2042457 25 3398
BAT val 2052667 25 3398
BAT val 2062874 24 3396
BAT val 2073084 24 3397
BAT val 2083292 25 3398
BAT val 2093498 25 3398
BAT val 2103710 25 3399
BAT val 2113914 23 3395
BAT val 2124123 24 3397
BAT val 2134330 24 3396
BAT val 2144538 24 3397
BAT val 2154780 25 3398
BAT val 2164987 25 3399
BAT val 2175203 24 3396
BAT val 2185406 25 3399
BAT val 2195585 23 3394
BAT val 2205789 25 3398
BAT val 2215998 23 3395
BAT val 2226209 24 3396
BAT val 2236416 22 3393
BAT val 2246630 22 3393
BAT val 2256834 25 3398
BAT val 2267046 24 3396
BAT val 2277246 25 3398
BAT val 2287435 22 3393
BAT val 2297691 25 3399
BAT val 2307903 23 3395
BAT val 2318115 23 3395
BAT val 2328326 25 3398
BAT val 2338528 24 3397
BAT val 2348716 25 3398
BAT val 2358948 24 3396
BAT val 2369162 25 3398
BAT val 2379363 22 3392
BAT val 2389580 22 3392
BAT val 2399782 23 3395
BAT val 2409991 23 3395
BAT val 2420230 24 3396
BAT val 2430472 22 3392
BAT val 2440679 22 3392
BAT val 2450895 22 3393
BAT val 2461076 22 3392
BAT val 2471282 23 3394
BAT val 2481457 21 3390
BAT val 2491665 24 3397
BAT val 2501903 23 3395
BAT val 2512143 22 3392
BAT val 2522356 22 3393
BAT val 2532565 21 3391
BAT val 2542775 21 3391
BAT val 2552977 21 3391
BAT val 2563186 20 3389
BAT val 2573396 20 3389
BAT val 2583601 20 3389
BAT val 2593809 21 3391
BAT val 2604024 22 3393
BAT val 2614232 22 3392
BAT val 2624436 21 3391
BAT val 2634617 20 3388
BAT val 2644844 23 3394
BAT val 2655055 23 3395
BAT val 2665268 21 3391
BAT val 2675477 21 3390
BAT val 2685679 21 3391
BAT val 2695892 20 3389
BAT val 2706102 22 3393
BAT val 2716316 20 3388
BAT val 2726545 21 3390
BAT val 2736761 21 3390
BAT val 2746995 22 3393
BAT val 2757212 20 3389
BAT val 2767447 22 3392
BAT val 2777656 20 3389
BAT val 2787869 20 3388
BAT val 2798077 19 3387
BAT val 2808287 20 3389
BAT val 2818496 20 3388
BAT val 2828704 20 3389
BAT val 2838914 20 3388
BAT val 2849122 20 3388
BAT val 2859328 20 3389
BAT val 2869540 19 3387
BAT val 2879746 19 3386
BAT val 2889952 20 3389
BAT val 2900160 22 3392
BAT val 2910360 20 3389
BAT val 2920549 19 3387
BAT val 2930753 22 3392
BAT val 2940959 20 3389
BAT val 2951137 19 3386
BAT val 2961346 18 3384
BAT val 2971553 18 3385
BAT val 2981758 20 3388
BAT val 2991940 19 3387
BAT val 3002146 19 3387
BAT val 3012321 20 3389
BAT val 3022529 20 3388
BAT val 3032767 20 3388
BAT val 3043007 20 3389
BAT val 3053220 19 3386
BAT val 3063429 18 3384
BAT val 3073635 19 3386
BAT val 3083839 21 3390
BAT val 3094050 18 3384
BAT val 3104260 19 3386
BAT val 3114465 18 3385
BAT val 3124673 18 3383
BAT val 3134888 15 3377
BAT val 3145095 20 3388
BAT val 3155303 18 3384
BAT val 3165481 18 3383
BAT val 3175688 19 3387
BAT val 3185890 19 3386
BAT val 3196105 19 3387
BAT val 3206314 18 3384
BAT val 3216523 18 3385
BAT val 3226732 18 3384
BAT val 3236955 18 3383
BAT val 3247169 18 3384
BAT val 3257403 18 3383
BAT val 3267618 17 3382
BAT val 3277823 18 3384
BAT val 3288030 17 3381
BAT val 3298241 18 3384
BAT val 3308450 18 3384
BAT val 3318650 17 3381
BAT val 3328838 18 3384
BAT val 3339043 13 3374
BAT val 3349252 17 3381
BAT val 3359491 17 3382
BAT val 3369701 17 3381
BAT val 3379910 16 3380
BAT val 3390115 17 3382
BAT val 3400297 16 3380
BAT val 3410503 17 3381
BAT val 3420678 16 3379
BAT val 3430886 16 3379
BAT val 3441090 17 3382
BAT val 3451333 16 3380
BAT val 3461538 18 3383
BAT val 3471748 16 3380
BAT val 3481990 17 3382
BAT val 3492196 15 3378
BAT val 3502407 16 3380
BAT val 3512617 18 3383
BAT val 3522822 15 3378
BAT val 3533030 14 3375
BAT val 3543245 16 3380
BAT val 3553452 17 3382
BAT val 3563660 15 3377
BAT val 3573838 16 3379
BAT val 3584045 15 3378
BAT val 3594247 16 3380
BAT val 3604462 17 3381
BAT val 3614671 15 3378
BAT val 3624880 16 3379
BAT val 3635089 15 3378
BAT val 3645298 16 3380
BAT val 3655507 15 3378
BAT val 3665716 15 3378
BAT val 3675918 17 3381
BAT val 3686130 15 3377
BAT val 3696342 16 3380
BAT val 3706552 16 3380
BAT val 3716753 12 3372
BAT val 3726969 15 3378
BAT val 3737178 15 3378
BAT val 3747379 14 3375
BAT val 3757596 14 3375
BAT val 3767802 14 3376
BAT val 3778037 16 3379
BAT val 3788249 14 3376
BAT val 3798456 15 3377
BAT val 3808641 15 3377
BAT val 3818846 14 3376
BAT val 3829048 15 3377
BAT val 3839260 13 3374
BAT val 3849493 14 3376
BAT val 3859742 16 3379
BAT val 3869951 14 3376
BAT val 3880160 15 3378
BAT val 3890372 14 3375
BAT val 3900582 16 3379
BAT val 3910790 9 3366
BAT val 3920994 14 3376
BAT val 3931202 14 3376
BAT val 3941411 15 3378
BAT val 3951616 15 3377
BAT val 3961832 13 3374
BAT val 3972034 14 3375
BAT val 3982243 13 3373
BAT val 3992422 13 3373
BAT val 4002627 15 3377
BAT val 4012832 13 3373
BAT val 4023048 13 3373
BAT val 4033251 14 3375
BAT val 4043466 11 3370
BAT val 4053672 13 3373
BAT val 4063883 13 3374
BAT val 4074089 12 3372
BAT val 4084272 11 3370
BAT val 4094497 13 3373
BAT val 4104713 12 3372
BAT val 4114949 13 3374
BAT val 4125164 13 3373
BAT val 4135397 12 3371
BAT val 4145610 11 3370
BAT val 4155814 12 3372
BAT val 4166023 11 3369
BAT val 4176235 12 3372
BAT val 4186451 12 3371
BAT val 4196653 12 3371
BAT val 4206859 12 3371
BAT val 4217078 13 3374
BAT val 4227310 13 3374
BAT val 4237516 14 3375
BAT val 4247732 12 3371
BAT val 4257938 13 3374
BAT val 4268117 13 3373
BAT val 4278316 12 3371
BAT val 4288530 11 3370
BAT val 4298739 9 3365
BAT val 4308945 13 3374
BAT val 4319127 13 3374
BAT val 4329358 12 3371
BAT val 4339568 12 3371
BAT val 4349777 13 3374
BAT val 4360016 11 3370
BAT val 4370232 11 3370
BAT val 4380435 12 3372
BAT val 4390643 11 3369
BAT val 4400859 11 3369
BAT val 4411033 11 3370
BAT val 4421240 10 3368
BAT val 4431445 11 3369
BAT val 4441651 12 3372
BAT val 4451834 10 3368
BAT val 4462068 12 3371
BAT val 4472281 11 3370
BAT val 4482493 8 3363
BAT val 4492669 12 3371
BAT val 4502903 10 3368
BAT val 4513117 11 3369
BAT val 4523325 10 3367
BAT val 4533535 10 3368
BAT val 4543744 10 3368
BAT val 4553948 10 3367
BAT val 4564161 11 3369
BAT val 4574396 10 3368
BAT val 4584601 9 3366
BAT val 4594843 10 3367
BAT val 4605057 10 3367
BAT val 4615262 9 3366
BAT val 4625470 9 3366
BAT val 4635676 10 3368
BAT val 4645887 9 3365
BAT val 4656069 9 3365
BAT val 4666277 10 3367
BAT val 4676486 5 3356
BAT val 4686696 9 3365
BAT val 4696903 8 3363
BAT val 4707108 9 3366
BAT val 4717320 10 3367
BAT val 4727521 11 3369
BAT val 4737733 9 3364
BAT val 4747944 9 3365
BAT val 4758178 9 3364
BAT val 4768383 9 3364
BAT val 4778623 9 3366
BAT val 4788808 9 3364
BAT val 4799011 9 3364
BAT val 4809229 8 3363
BAT val 4819459 8 3362
BAT val 4829644 8 3362
BAT val 4839843 9 3364
BAT val 4850055 9 3366
BAT val 4860260 8 3362
BAT val 4870445 2 3350
BAT val 4880648 8 3362
BAT val 4890831 9 3364
BAT val 4901063 9 3364
BAT val 4911275 9 3364
BAT val 4921453 8 3363
BAT val 4931659 8 3362
BAT val 4941862 7 3360
BAT val 4952070 8 3363
BAT val 4962309 9 3365
BAT val 4972529 8 3363
BAT val 4982732 7 3361
BAT val 4992936 8 3363
BAT val 5003149 6 3359
BAT val 5013365 9 3365
BAT val 5023597 8 3363
BAT val 5033812 6 3359
BAT val 5044021 9 3365
BAT val 5054230 7 3360
BAT val 5064439 4 3355
BAT val 5074641 6 3358
BAT val 5084856 9 3366
BAT val 5095062 8 3362
BAT val 5105268 8 3363
BAT val 5115474 7 3361
BAT val 5125714 8 3362
BAT val 5135895 6 3358
BAT val 5146102 7 3361
BAT val 5156311 7 3360
BAT val 5166551 8 3362
BAT val 5176761 7 3361
BAT val 5186970 7 3360
BAT val 5197180 6 3358
BAT val 5207420 5 3357
BAT val 5217599 5 3356
BAT val 5227806 6 3359
BAT val 5238044 8 3362
BAT val 5248263 5 3356
BAT val 5258499 2 3351
BAT val 5268704 6 3359
BAT val 5278911 7 3360
BAT val 5289091 5 3356
BAT val 5299294 7 3361
BAT val 5309508 7 3360
BAT val 5319712 5 3357
BAT val 5329894 5 3356
BAT val 5340099 7 3360
BAT val 5350279 5 3357
BAT val 5360480 7 3360
BAT val 5370688 6 3359
BAT val 5380866 4 3355
BAT val 5391099 5 3357
BAT val 5401305 4 3354
BAT val 5411522 5 3356
BAT val 5421757 5 3357
BAT val 5431937 6 3358
BAT val 5442139 1 3349
BAT val 5452352 3 3353
BAT val 5462588 7 3360
BAT val 5472800 7 3361
BAT val 5482980 5 3357
BAT val 5493186 5 3356
BAT val 5503392 6 3359
BAT val 5513601 6 3358
BAT val 5523803 5 3357
BAT val 5534013 4 3354
BAT val 5544242 4 3354
BAT val 5554467 6 3359
BAT val 5564676 3 3353
BAT val 5574879 4 3354
BAT val 5585093 5 3356
BAT val 5595305 3 3353
BAT val 5605482 3 3353
BAT val 5615683 5 3356
BAT val 5625860 0 3347
BAT val 5636068 4 3354
BAT val 5646274 4 3354
BAT val 5656481 4 3354
BAT val 5666720 4 3354
BAT val 5676904 2 3351
BAT val 5687138 3 3353
BAT val 5697351 3 3353
BAT val 5707555 3 3352
BAT val 5717740 3 3352
BAT val 5727939 4 3354
BAT val 5738153 4 3355
BAT val 5748356 3 3352
BAT val 5758541 3 3352
BAT val 5768744 4 3354
BAT val 5778956 4 3354
BAT val 5789161 5 3356
BAT val 5799344 3 3353
BAT val 5809541 0 3343
BAT val 5819755 2 3349
BAT val 5829962 3 3351
BAT val 5840173 3 3350
BAT val 5850378 4 3352
BAT val 5860591 2 3349
BAT val 5870803 2 3349
BAT val 5881009 2 3349
BAT val 5891186 5 3354
BAT val 5901390 3 3350
BAT val 5911595 3 3351
BAT val 5921777 4 3353
BAT val 5931978 5 3354
BAT val 5942195 4 3353
BAT val 5952404 3 3350
BAT val 5962613 2 3349
BAT val 5972813 3 3350
BAT val 5982995 4 3352
BAT val 5993205 0 3342
BAT val 6003405 3 3350
BAT val 6013615 2 3348
BAT val 6023823 3 3349
BAT val 6034040 3 3350
BAT val 6044239 2 3347
BAT val 6054428 3 3349
BAT val 6064632 4 3352
BAT val 6074841 2 3348
BAT val 6085041 2 3347
BAT val 6095229 2 3348
BAT val 6105461 4 3351
BAT val 6115669 1 3346
BAT val 6125847 2 3347
BAT val 6136054 3 3350
BAT val 6146263 4 3351
BAT val 6156472 4 3352
BAT val 6166681 2 3348
BAT val 6176890 0 3341
BAT val 6187116 3 3348
BAT val 6197334 3 3349
BAT val 6207540 2 3347
BAT val 6217749 2 3346
BAT val 6227949 2 3347
BAT val 6238164 2 3346
BAT val 6248375 3 3349
BAT val 6258584 2 3346
BAT val 6268787 1 3345
BAT val 6278975 0 3342
BAT val 6289199 3 3348
BAT val 6299417 2 3346
BAT val 6309626 3 3348
BAT val 6319835 2 3347
BAT val 6330040 2 3347
BAT val 6340254 2 3347
BAT val 6350462 4 3350
BAT val 6360670 3 3348
BAT val 6370880 0 3338
BAT val 6381088 3 3345
BAT val 6391298 4 3348
BAT val 6401507 2 3343
BAT val 6411738 4 3348
BAT val 6421954 3 3345
BAT val 6432154 2 3343
BAT val 6442338 3 3345
BAT val 6452543 5 3349
BAT val 6462757 2 3344
BAT val 6472954 4 3348
BAT val 6483168 3 3345
BAT val 6493376 5 3351
BAT val 6503591 3 3346
BAT val 6513795 5 3350
BAT val 6523974 2 3343
BAT val 6534176 3 3346
BAT val 6544354 2 3344
BAT val 6554557 1 3341
BAT val 6564768 3 3346
BAT val 6574972 3 3346
BAT val 6585186 2 3343
BAT val 6595395 3 3346
BAT val 6605605 2 3343
BAT val 6615808 3 3346
BAT val 6626023 3 3345
BAT val 6636231 3 3346
BAT val 6646437 2 3344
BAT val 6656644 1 3342
BAT val 6666855 2 3343
BAT val 6677067 2 3343
BAT val 6687243 3 3346
BAT val 6697451 3 3346
BAT val 6707658 3 3345
BAT val 6717870 1 3342
BAT val 6728101 2 3343
BAT val 6738346 4 3347
BAT val 6748523 0 3331
BAT val 6758728 5 3344
BAT val 6768968 5 3344
BAT val 6779212 6 3345
BAT val 6789419 4 3342
BAT val 6799631 6 3345
BAT val 6809843 4 3342
BAT val 6820054 5 3343
BAT val 6830258 6 3346
BAT val 6840467 4 3342
BAT val 6850672 4 3342
BAT val 6860875 4 3342
BAT val 6871058 4 3341
BAT val 6881265 5 3344
BAT val 6891441 4 3341
BAT val 6901619 5 3343
BAT val 6911822 4 3342
BAT val 6922034 4 3340
BAT val 6932237 0 3331
BAT val 6942422 4 3342
BAT val 6952619 4 3342
BAT val 6962833 4 3340
BAT val 6973030 4 3340
BAT val 6983244 3 3339
BAT val 6993456 4 3340
BAT val 7003668 4 3342
BAT val 7013881 4 3340
BAT val 7024113 4 3340
BAT val 7034326 4 3340
BAT val 7044535 4 3341
BAT val 7054746 4 3340
BAT val 7064956 3 3339
BAT val 7075131 3 3339
BAT val 7085338 4 3341
BAT val 7095574 4 3342
BAT val 7105783 4 3341
BAT val 7115966 4 3340
BAT val 7126165 0 3332
BAT val 7136405 4 3340
BAT val 7146617 4 3340
BAT val 7156826 4 3340
BAT val 7167035 5 3343
BAT val 7177241 3 3338
BAT val 7187453 4 3340
BAT val 7197664 3 3338
BAT val 7207841 3 3338
BAT val 7218043 3 3338
BAT val 7228249 3 3338
BAT val 7238457 2 3336
BAT val 7248666 4 3340
BAT val 7258872 3 3339
BAT val 7269081 3 3338
BAT val 7279288 3 3339
BAT val 7289504 3 3339
BAT val 7299708 3 3339
BAT val 7309920 0 3329
BAT val 7320124 4 3339
BAT val 7330331 3 3338
BAT val 7340516 3 3337
BAT val 7350718 3 3337
BAT val 7360927 4 3339
BAT val 7371133 3 3338
BAT val 7381344 2 3335
BAT val 7391551 3 3337
BAT val 7401765 4 3340
BAT val 7411939 3 3338
BAT val 7422122 4 3339
BAT val 7432326 4 3339
BAT val 7442535 3 3337
BAT val 7452707 4 3339
BAT val 7462917 4 3339
BAT val 7473122 3 3338
BAT val 7483332 3 3338
BAT val 7493540 0 3331
BAT val 7503749 3 3337
BAT val 7513958 3 3337
BAT val 7524166 3 3336
BAT val 7534376 3 3337
BAT val 7544585 3 3337
BAT val 7554787 3 3336
BAT val 7565002 3 3337
BAT val 7575211 3 3338
BAT val 7585385 3 3338
BAT val 7595592 2 3335
BAT val 7605798 4 3339
BAT val 7616001 3 3336
BAT val 7626212 3 3336
BAT val 7636425 4 3339
BAT val 7646625 3 3337
BAT val 7656839 3 3336
BAT val 7667022 3 3336
BAT val 7677227 0 3330
BAT val 7687429 3 3336
BAT val 7697635 4 3340
BAT val 7707846 3 3336
BAT val 7718050 2 3335
BAT val 7728262 3 3336
BAT val 7738470 2 3335
BAT val 7748683 3 3337
BAT val 7758886 2 3335
BAT val 7769101 2 3335
BAT val 7779309 3 3337
BAT val 7789515 1 3332
BAT val 7799727 1 3333
BAT val 7809933 3 3336
BAT val 7820138 4 3339
BAT val 7830347 3 3336
BAT val 7840586 2 3335
BAT val 7850795 3 3336
BAT val 7861004 3 3337
BAT val 7871214 0 3330
BAT val 7881455 3 3336
BAT val 7891638 2 3335
BAT val 7901840 2 3334
BAT val 7912079 2 3335
BAT val 7922296 2 3334
BAT val 7932496 2 3335
BAT val 7942709 3 3336
BAT val 7952921 2 3335
BAT val 7963131 2 3335
BAT val 7973333 1 3332
BAT val 7983545 2 3335
BAT val 7993757 2 3334
BAT val 8003968 1 3333
BAT val 8014172 2 3334
BAT val 8024384 1 3333
BAT val 8034593 3 3337
BAT val 8044768 2 3335
BAT val 8054980 2 3334
BAT val 8065210 0 3328
BAT val 8075416 2 3334
BAT val 8085628 2 3333
BAT val 8095838 2 3334
BAT val 8106052 2 3334
BAT val 8116255 1 3332
BAT val 8126463 2 3333
BAT val 8136675 2 3334
BAT val 8146881 1 3331
BAT val 8157062 1 3332
BAT val 8167268 3 3335
BAT val 8177474 2 3334
BAT val 8187677 2 3334
BAT val 8197917 2 3334
BAT val 8208128 2 3334
BAT val 8218337 2 3333
BAT val 8228547 2 3334
BAT val 8238786 2 3334
BAT val 8249000 3 3336
BAT val 8259219 0 3327
BAT val 8269448 2 3332
BAT val 8279650 2 3333
BAT val 8289861 1 3331
BAT val 8300074 3 3334
BAT val 8310284 3 3334
BAT val 8320458 3 3334
BAT val 8330665 3 3334
BAT val 8340877 2 3332
BAT val 8351080 2 3332
BAT val 8361261 2 3333
BAT val 8371467 2 3333
BAT val 8381676 3 3334
BAT val 8391876 2 3332
BAT val 8402064 3 3335
BAT val 8412270 2 3333
BAT val 8422481 3 3334
BAT val 8432681 2 3333
BAT val 8442894 1 3330
BAT val 8453105 1 3331
BAT val 8463314 3 3334
BAT val 8473491 2 3333
BAT val 8483695 3 3334
BAT val 8493927 2 3333
BAT val 8504144 2 3333
BAT val 8514349 2 3332
BAT val 8524560 3 3334
BAT val 8534764 3 3334
BAT val 8544978 2 3333
BAT val 8555181 1 3331
BAT val 8565397 1 3331
BAT val 8575602 2 3332
BAT val 8585814 1 3330
BAT val 8596023 3 3334
BAT val 8606229 1 3330
BAT val 8616441 1 3331
BAT val 8626647 0 3326
BAT val 8636853 3 3334
BAT val 8647061 1 3329
BAT val 8657302 1 3330
BAT val 8667509 2 3331
BAT val 8677718 2 3332
BAT val 8687928 2 3331
BAT val 8698139 2 3331
BAT val 8708315 1 3329
BAT val 8718517 2 3332
BAT val 8728696 1 3329
BAT val 8738931 1 3329
BAT val 8749137 2 3331
BAT val 8759368 2 3332
BAT val 8769575 2 3331
BAT val 8779784 1 3330
BAT val 8789966 2 3332
BAT val 8800198 3 3334
BAT val 8810410 2 3332
BAT val 8820619 0 3318
BAT val 8830829 5 3331
BAT val 8841038 5 3332
BAT val 8851240 3 3327
BAT val 8861455 5 3331
BAT val 8871664 5 3330
BAT val 8881865 4 3328
BAT val 8892076 5 3330
BAT val 8902286 4 3329
BAT val 8912464 5 3330
BAT val 8922668 4 3329
BAT val 8932878 5 3331
BAT val 8943086 5 3331
BAT val 8953290 5 3330
BAT val 8963475 4 3328
BAT val 8973709 5 3331
BAT val 8983922 4 3328
BAT val 8994134 4 3329
BAT val 9004341 3 3327
BAT val 9014549 3 3326
BAT val 9024758 4 3329
BAT val 9034967 4 3328
BAT val 9045176 4 3328
BAT val 9055385 5 3330
BAT val 9065587 5 3330
BAT val 9075797 4 3329
BAT val 9086011 5 3330
BAT val 9096220 5 3332
BAT val 9106422 3 3327
BAT val 9116638 3 3327
BAT val 9126847 4 3329
BAT val 9137048 4 3329
BAT val 9147265 4 3328
BAT val 9157471 5 3331
BAT val 9167678 4 3329
BAT val 9177856 4 3328
BAT val 9188064 4 3328
BAT val 9198269 0 3318
BAT val 9208479 4 3328
BAT val 9218681 3 3327
BAT val 9228896 4 3329
BAT val 9239099 4 3328
BAT val 9249281 4 3328
BAT val 9259483 3 3326
BAT val 9269662 3 3327
BAT val 9279871 4 3328
BAT val 9290076 2 3325
BAT val 9300313 4 3328
BAT val 9310497 2 3324
BAT val 9320703 3 3327
BAT val 9330912 4 3328
BAT val 9341114 4 3328
BAT val 9351329 2 3324
BAT val 9361535 3 3326
BAT val 9371744 3 3326
BAT val 9381923 0 3319
BAT val 9392129 3 3327
BAT val 9402337 3 3326
BAT val 9412549 3 3326
BAT val 9422749 2 3323
BAT val 9432964 4 3328
BAT val 9443173 2 3325
BAT val 9453382 3 3326
BAT val 9463591 2 3325
BAT val 9473773 2 3323
BAT val 9483978 3 3327
BAT val 9494209 3 3327
BAT val 9504421 3 3327
BAT val 9514632 2 3325
BAT val 9524809 3 3327
BAT val 9535014 2 3325
BAT val 9545252 2 3324
BAT val 9555473 3 3326
BAT val 9565676 1 3321
BAT val 9575883 1 3322
BAT val 9586119 2 3323
BAT val 9596328 2 3325
BAT val 9606540 2 3323
BAT val 9616750 2 3324
BAT val 9626924 2 3324
BAT val 9637129 2 3323
BAT val 9647341 1 3322
BAT val 9657550 2 3324
BAT val 9667756 1 3322
BAT val 9677939 0 3320
BAT val 9688144 1 3322
BAT val 9698346 3 3326
BAT val 9708554 2 3324
BAT val 9718763 1 3321
BAT val 9728967 2 3323
BAT val 9739181 1 3321
BAT val 9749384 1 3321
BAT val 9759600 0 3315
BAT val 9769805 3 3323
BAT val 9780018 4 3326
BAT val 9790226 3 3324
BAT val 9800432 4 3326
BAT val 9810644 5 3327
BAT val 9820850 2 3321
BAT val 9831055 2 3321
BAT val 9841264 4 3325
BAT val 9851505 2 3322
BAT val 9861712 4 3325
BAT val 9871921 2 3321
BAT val 9882129 2 3322
BAT val 9892310 3 3324
BAT val 9902514 2 3320
BAT val 9912720 2 3321
BAT val 9922898 1 3318
BAT val 9933134 2 3321
BAT val 9943350 1 3318
BAT val 9953556 2 3321
BAT val 9963792 3 3323
BAT val 9973977 2 3321
BAT val 9984211 2 3322
BAT val 9994424 1 3319
BAT val 10004631 2 3320
BAT val 10014813 2 3321
BAT val 10025012 2 3320
BAT val 10035224 2 3321
BAT val 10045429 1 3318
BAT val 10055614 2 3321
BAT val 10065813 1 3319
BAT val 10076023 1 3318
BAT val 10086234 1 3319
BAT val 10096468 3 3324
BAT val 10106682 3 3324
BAT val 10116892 2 3320
BAT val 10127101 1 3318
BAT val 10137281 0 3309
BAT val 10147511 3 3318
BAT val 10157727 3 3318
BAT val 10167959 6 3324
BAT val 10178168 4 3319
BAT val 10188387 5 3322
BAT val 10198597 2 3316
BAT val 10208802 4 3320
BAT val 10219008 4 3320
BAT val 10229210 3 3318
BAT val 10239425 3 3318
BAT val 10249642 4 3320
BAT val 10259847 4 3321
BAT val 10270059 3 3318
BAT val 10280265 4 3321
BAT val 10290470 3 3318
BAT val 10300679 4 3319
BAT val 10310916 3 3317
BAT val 10321100 3 3317
BAT val 10331306 0 3308
BAT val 10341513 3 3317
BAT val 10351717 4 3319
BAT val 10361926 3 3317
BAT val 10372138 4 3318
BAT val 10382349 3 3317
BAT val 10392563 4 3320
BAT val 10402795 4 3320
BAT val 10413001 4 3318
BAT val 10423213 4 3319
BAT val 10433419 3 3317
BAT val 10443630 4 3318
BAT val 10453811 3 3317
BAT val 10464012 4 3320
BAT val 10474224 2 3315
BAT val 10484433 4 3319
BAT val 10494642 5 3321
BAT val 10504851 3 3317
BAT val 10515060 2 3315
BAT val 10525268 2 3314
BAT val 10535478 3 3316
BAT val 10545686 4 3318
BAT val 10555895 2 3314
BAT val 10566104 4 3318
BAT val 10576314 2 3313
BAT val 10586517 2 3315
BAT val 10596732 2 3315
BAT val 10606940 2 3314
BAT val 10617146 2 3314
BAT val 10627358 2 3315
BAT val 10637564 2 3313
BAT val 10647769 2 3313
BAT val 10657978 2 3315
BAT val 10668219 4 3318
BAT val 10678426 3 3316
BAT val 10688635 3 3316
BAT val 10698817 4 3319
BAT val 10709053 0 3306
BAT val 10719232 3 3315
BAT val 10729437 3 3315
BAT val 10739639 3 3315
BAT val 10749855 4 3317
BAT val 10760061 4 3317
BAT val 10770266 4 3316
BAT val 10780507 4 3318
BAT val 10790691 3 3315
BAT val 10800925 4 3318
BAT val 10811139 4 3317
BAT val 10821347 4 3316
BAT val 10831527 4 3316
BAT val 10841726 2 3313
BAT val 10851938 3 3315
BAT val 10862143 3 3314
BAT val 10872328 3 3314
BAT val 10882531 4 3317
BAT val 10892714 2 3312
BAT val 10902915 2 3313
BAT val 10913098 3 3315
BAT val 10923296 4 3316
BAT val 10933509 2 3313
BAT val 10943714 3 3314
BAT val 10953928 3 3314
BAT val 10964135 3 3315
BAT val 10974342 2 3312
BAT val 10984552 4 3316
BAT val 10994756 3 3314
BAT val 11004965 2 3312
BAT val 11015172 3 3315
BAT val 11025385 3 3314
BAT val 11035589 2 3312
BAT val 11045774 2 3313
BAT val 11055983 2 3313
BAT val 11066191 2 3313
BAT val 11076400 1 3309
BAT val 11086600 2 3313
BAT val 11096782 2 3312
BAT val 11106990 2 3312
BAT val 11117196 2 3313
BAT val 11127398 1 3310
BAT val 11137610 2 3313
BAT val 11147827 2 3313
BAT val 11158032 2 3311
BAT val 11168267 3 3314
BAT val 11178473 2 3312
BAT val 11188688 2 3311
BAT val 11198897 2 3312
BAT val 11209103 2 3313
BAT val 11219315 3 3314
BAT val 11229524 3 3314
BAT val 11239732 2 3313
BAT val 11249963 2 3311
BAT val 11260141 2 3311
BAT val 11270347 0 3300
BAT val 11280552 4 3311
BAT val 11290758 3 3309
BAT val 11300963 4 3311
BAT val 11311168 4 3312
BAT val 11321388 4 3311
BAT val 11331593 4 3311
BAT val 11341805 5 3314
BAT val 11352008 3 3309
BAT val 11362220 3 3309
BAT val 11372426 3 3309
BAT val 11382632 2 3306
BAT val 11392840 4 3312
BAT val 11403049 3 3308
BAT val 11413230 3 3309
BAT val 11423434 3 3308
BAT val 11433673 3 3309
BAT val 11443881 3 3309
BAT val 11454090 3 3309
BAT val 11464303 2 3306
BAT val 11474513 2 3307
BAT val 11484689 1 3305
BAT val 11494895 3 3310
BAT val 11505096 3 3310
BAT val 11515313 3 3310
BAT val 11525515 4 3311
BAT val 11535722 3 3310
BAT val 11545930 3 3310
BAT val 11556143 2 3307
BAT val 11566353 2 3307
BAT val 11576589 3 3309
BAT val 11586797 2 3306
BAT val 11597016 4 3311
BAT val 11607247 3 3308
BAT val 11617463 3 3308
BAT val 11627677 4 3311
BAT val 11637881 3 3309
BAT val 11648089 0 3301
BAT val 11658269 3 3308
BAT val 11668471 2 3307
BAT val 11678681 3 3308
BAT val 11688885 2 3307
BAT val 11699098 2 3306
BAT val 11709303 3 3310
BAT val 11719517 3 3308
BAT val 11729726 2 3307
BAT val 11739931 4 3311
BAT val 11750141 3 3308
BAT val 11760345 2 3307
BAT val 11770552 2 3307
BAT val 11780762 3 3308
BAT val 11790974 2 3306
BAT val 11801178 3 3310
BAT val 11811363 2 3307
BAT val 11821571 2 3306
BAT val 11831780 1 3304
BAT val 11841989 1 3305
BAT val 11852189 2 3306
BAT val 11862371 2 3307
BAT val 11872581 2 3307
BAT val 11882784 2 3306
BAT val 11892991 3 3310
BAT val 11903199 3 3308
BAT val 11913418 2 3306
BAT val 11923617 2 3307
BAT val 11933804 1 3305
BAT val 11944008 2 3306
BAT val 11954217 2 3306
BAT val 11964417 2 3306
BAT val 11974605 1 3305
BAT val 11984837 3 3308
BAT val 11995045 3 3309
BAT val 12005223 2 3307
BAT val 12015430 1 3304
BAT val 12025639 0 3302
BAT val 12035848 1 3305
BAT val 12046057 2 3306
BAT val 12056266 2 3306
BAT val 12066475 1 3305
BAT val 12076684 1 3304
BAT val 12086893 3 3308
BAT val 12097095 1 3304
BAT val 12107310 2 3307
BAT val 12117516 3 3308
BAT val 12127722 1 3305
BAT val 12137930 2 3306
BAT val 12148170 1 3305
BAT val 12158349 1 3304
BAT val 12168556 3 3308
BAT val 12178766 1 3304
BAT val 12189005 1 3304
BAT val 12199215 2 3307
BAT val 12209424 0 3300
BAT val 12219632 2 3307
BAT val 12229811 2 3306
BAT val 12240016 1 3304
BAT val 12250192 1 3305
BAT val 12260400 1 3305
BAT val 12270604 2 3306
BAT val 12280845 3 3309
BAT val 12291055 1 3305
BAT val 12301264 2 3306
BAT val 12311474 2 3306
BAT val 12321681 0 3302
BAT val 12331887 1 3304
BAT val 12342096 1 3305
BAT val 12352275 1 3305
BAT val 12362480 1 3303
BAT val 12372693 3 3308
BAT val 12382901 1 3305
BAT val 12393102 0 3302
BAT val 12403286 1 3305
BAT val 12413495 1 3304
BAT val 12423727 2 3307
BAT val 12433970 1 3304
BAT val 12444185 3 3309
BAT val 12454394 1 3305
BAT val 12464603 2 3306
BAT val 12474812 1 3305
BAT val 12485021 1 3304
BAT val 12495230 1 3304
BAT val 12505432 2 3307
BAT val 12515641 2 3307
BAT val 12525856 1 3305
BAT val 12536065 1 3304
BAT val 12546294 2 3306
BAT val 12556508 1 3304
BAT val 12566726 2 3306
BAT val 12576925 0 3302
BAT val 12587133 1 3304
BAT val 12597346 0 3299
BAT val 12607548 1 3304
BAT val 12617763 1 3303
BAT val 12627968 2 3305
BAT val 12638180 1 3304
BAT val 12648395 0 3301
BAT val 12658596 0 3299
BAT val 12668804 1 3303
BAT val 12679010 1 3304
BAT val 12689219 0 3301
BAT val 12699428 1 3303
BAT val 12709634 1 3303
BAT val 12719843 0 3301
BAT val 12730050 1 3304
BAT val 12740264 1 3303
BAT val 12750470 1 3302
BAT val 12760682 1 3304
BAT val 12770885 1 3302
BAT val 12781093 0 3290
BAT val 12791278 4 3303
BAT val 12801480 4 3301
BAT val 12811689 3 3299
BAT val 12821890 5 3304
BAT val 12832104 4 3302
BAT val 12842313 4 3303
BAT val 12852525 3 3299
BAT val 12862701 3 3300
BAT val 12872935 4 3302
BAT val 12883149 5 3305
BAT val 12893357 3 3299
BAT val 12903567 4 3302
BAT val 12913776 4 3301
BAT val 12923980 3 3300
BAT val 12934193 4 3302
BAT val 12944402 3 3300
BAT val 12954611 4 3301
BAT val 12964817 3 3300
BAT val 12975030 2 3297
BAT val 12985238 4 3301
BAT val 12995447 4 3301
BAT val 13005656 4 3301
BAT val 13015864 4 3303
BAT val 13026074 4 3303
BAT val 13036279 3 3300
BAT val 13046488 4 3301
BAT val 13056694 4 3301
BAT val 13066900 3 3300
BAT val 13077108 3 3300
BAT val 13087323 5 3304
BAT val 13097531 4 3303
BAT val 13107730 5 3305
BAT val 13117944 3 3298
BAT val 13128157 4 3301
BAT val 13138362 3 3299
BAT val 13148568 3 3300
BAT val 13158775 0 3289
BAT val 13168954 4 3301
BAT val 13179160 3 3299
BAT val 13189366 3 3298
BAT val 13199608 4 3300
BAT val 13209789 2 3296
BAT val 13219993 4 3300
BAT val 13230206 4 3301
BAT val 13240411 4 3302
BAT val 13250616 4 3302
BAT val 13260822 3 3298
BAT val 13271032 4 3302
BAT val 13281238 4 3300
BAT val 13291457 4 3300
BAT val 13301661 3 3299
BAT val 13311867 3 3299
BAT val 13322077 3 3297
BAT val 13332316 4 3300
BAT val 13342524 3 3299
BAT val 13352739 1 3293
BAT val 13362948 3 3298
BAT val 13373157 2 3296
BAT val 13383362 3 3298
BAT val 13393576 4 3301
BAT val 13403784 4 3300
BAT val 13413993 3 3297
BAT val 13424201 2 3295
BAT val 13434410 3 3299
BAT val 13444620 4 3300
BAT val 13454829 3 3297
BAT val 13465030 3 3297
BAT val 13475246 4 3300
BAT val 13485455 4 3300
BAT val 13495629 3 3297
BAT val 13505836 2 3296
BAT val 13516042 3 3299
BAT val 13526245 4 3300
BAT val 13536457 0 3288
BAT val 13546669 3 3296
BAT val 13556877 4 3301
BAT val 13567081 3 3298
BAT val 13577266 3 3297
BAT val 13587471 3 3297
BAT val 13597673 2 3295
BAT val 13607879 3 3298
BAT val 13618090 4 3299
BAT val 13628294 2 3295
BAT val 13638508 3 3296
BAT val 13648717 3 3296
BAT val 13658927 3 3298
BAT val 13669130 3 3297
BAT val 13679345 3 3296
BAT val 13689553 2 3295
BAT val 13699759 2 3295
BAT val 13709971 4 3299
BAT val 13720177 2 3295
BAT val 13730382 1 3293
BAT val 13740591 1 3292
BAT val 13750832 2 3294
BAT val 13761039 4 3300
BAT val 13771248 2 3295
BAT val 13781458 2 3294
BAT val 13791699 2 3294
BAT val 13801882 2 3295
BAT val 13812084 2 3295
BAT val 13822289 3 3296
BAT val 13832498 3 3296
BAT val 13842704 3 3298
BAT val 13852916 3 3296
BAT val 13863126 2 3294
BAT val 13873304 1 3293
BAT val 13883538 2 3295
BAT val 13893752 2 3295
BAT val 13903958 4 3300
BAT val 13914140 0 3289
BAT val 13924339 2 3295
BAT val 13934547 3 3297
BAT val 13944756 1 3292
BAT val 13954962 3 3296
BAT val 13965179 1 3292
BAT val 13975387 3 3296
BAT val 13985592 1 3293
BAT val 13995801 3 3296
BAT val 14006009 2 3295
BAT val 14016219 1 3292
BAT val 14026428 3 3297
BAT val 14036608 3 3297
BAT val 14046839 2 3294
BAT val 14057054 2 3295
BAT val 14067255 2 3295
BAT val 14077472 1 3293
BAT val 14087681 4 3299
BAT val 14097890 2 3295
BAT val 14108099 0 3286
BAT val 14118308 3 3295
BAT val 14128534 4 3297
BAT val 14138752 3 3294
BAT val 14148958 3 3296
BAT val 14159167 3 3294
BAT val 14169346 3 3295
BAT val 14179552 4 3297
BAT val 14189760 3 3295
BAT val 14199969 3 3295
BAT val 14210172 3 3295
BAT val 14220387 3 3296
BAT val 14230593 4 3297
BAT val 14240805 4 3297
BAT val 14251014 3 3294
BAT val 14261195 3 3294
BAT val 14271422 4 3297
BAT val 14281665 3 3295
BAT val 14291880 3 3294
BAT val 14302089 0 3288
BAT val 14312298 2 3293
BAT val 14322506 1 3290
BAT val 14332715 3 3294
BAT val 14342925 3 3294
BAT val 14353127 3 3294
BAT val 14363342 3 3294
BAT val 14373551 2 3293
BAT val 14383752 2 3292
BAT val 14393963 2 3292
BAT val 14404173 3 3294
BAT val 14414351 1 3289
BAT val 14424555 1 3289
BAT val 14434765 1 3291
BAT val 14444973 2 3292
BAT val 14455177 2 3293
BAT val 14465362 2 3293
BAT val 14475596 3 3294
BAT val 14485801 0 3284
BAT val 14496018 3 3293
BAT val 14506227 2 3291
BAT val 14516436 1 3289
BAT val 14526645 3 3292
BAT val 14536854 1 3289
BAT val 14547063 3 3294
BAT val 14557272 3 3292
BAT val 14567474 2 3291
BAT val 14577684 3 3292
BAT val 14587898 2 3290
BAT val 14598108 1 3289
BAT val 14608309 1 3289
BAT val 14618525 3 3293
BAT val 14628734 4 3295
BAT val 14638935 2 3291
BAT val 14649152 2 3290
BAT val 14659358 2 3291
BAT val 14669565 1 3289
BAT val 14679744 0 3285
BAT val 14689951 3 3292
BAT val 14700156 3 3293
BAT val 14710366 2 3290
BAT val 14720568 2 3290
BAT val 14730783 2 3291
BAT val 14740992 3 3292
BAT val 14751201 2 3291
BAT val 14761437 4 3295
BAT val 14771642 2 3291
BAT val 14781851 2 3290
BAT val 14792060 2 3291
BAT val 14802302 2 3291
BAT val 14812512 3 3294
BAT val 14822724 2 3291
BAT val 14832908 3 3292
BAT val 14843135 2 3290
BAT val 14853320 1 3288
BAT val 14863522 0 3286
BAT val 14873731 3 3294
BAT val 14883937 2 3291
BAT val 14894149 3 3293
BAT val 14904355 2 3290
BAT val 14914565 3 3292
BAT val 14924743 3 3292
BAT val 14934977 2 3290
BAT val 14945191 3 3292
BAT val 14955399 2 3290
BAT val 14965609 3 3292
BAT val 14975818 1 3288
BAT val 14986022 2 3291
BAT val 14996232 1 3289
BAT val 15006466 2 3291
BAT val 15016675 3 3293
BAT val 15026917 3 3292
BAT val 15037131 3 3293
BAT val 15047337 3 3292
BAT val 15057544 1 3287
BAT val 15067755 2 3291
BAT val 15077967 3 3294
BAT val 15088167 2 3290
BAT val 15098385 2 3291
BAT val 15108593 3 3292
BAT val 15118803 3 3292
BAT val 15129005 3 3292
BAT val 15139246 2 3290
BAT val 15149459 3 3292
BAT val 15159672 3 3292
BAT val 15169907 2 3290
BAT val 15180118 3 3292
BAT val 15190322 3 3292
BAT val 15200531 1 3289
BAT val 15210743 2 3291
BAT val 15220953 3 3292
BAT val 15231184 1 3289
BAT val 15241397 4 3295
BAT val 15251633 2 3290
BAT val 15261818 0 3279
BAT val 15272024 3 3288
BAT val 15282233 2 3287
BAT val 15292432 2 3287
BAT val 15302620 2 3286
BAT val 15312823 3 3288
BAT val 15323036 3 3288
BAT val 15333235 3 3288
BAT val 15343424 3 3288
BAT val 15353628 4 3290
BAT val 15363837 4 3290
BAT val 15374037 2 3285
BAT val 15384225 1 3284
BAT val 15394431 2 3287
BAT val 15404636 4 3291
BAT val 15414842 3 3289
BAT val 15425047 2 3287
BAT val 15435259 1 3283
BAT val 15445468 1 3282
BAT val 15455677 3 3288
BAT val 15465886 2 3287
BAT val 15476095 4 3291
BAT val 15486304 2 3285
BAT val 15496509 3 3288
BAT val 15506712 2 3287
BAT val 15516915 3 3288
BAT val 15527130 2 3287
BAT val 15537338 3 3289
BAT val 15547550 2 3286
BAT val 15557788 3 3289
BAT val 15567971 2 3287
BAT val 15578174 3 3288
BAT val 15588383 2 3286
BAT val 15598592 3 3288
BAT val 15608771 4 3290
BAT val 15618977 3 3289
BAT val 15629184 0 3275
BAT val 15639389 4 3287
BAT val 15649601 4 3288
BAT val 15659805 3 3284
BAT val 15670015 4 3288
BAT val 15680224 5 3289
BAT val 15690465 3 3284
BAT val 15700675 3 3285
BAT val 15710894 2 3283
BAT val 15721099 4 3288
BAT val 15731298 4 3286
BAT val 15741510 2 3283
BAT val 15751716 4 3286
BAT val 15761919 2 3282
BAT val 15772108 3 3285
BAT val 15782312 4 3286
BAT val 15792521 4 3287
BAT val 15802722 4 3287
BAT val 15812906 2 3282
BAT val 15823115 4 3286
BAT val 15833347 4 3287
BAT val 15843566 3 3285
BAT val 15853802 3 3285
BAT val 15864014 3 3285
BAT val 15874223 3 3285
BAT val 15884432 2 3283
BAT val 15894641 5 3289
BAT val 15904850 3 3285
BAT val 15915052 3 3284
BAT val 15925262 3 3285
BAT val 15935476 4 3286
BAT val 15945685 4 3286
BAT val 15955887 3 3284
BAT val 15966103 4 3286
BAT val 15976312 4 3287
BAT val 15986515 3 3285
BAT val 15996730 2 3283
BAT val 16006936 3 3284
BAT val 16017171 2 3281
BAT val 16027383 2 3283
BAT val 16037588 2 3283
BAT val 16047800 2 3283
BAT val 16057978 2 3283
BAT val 16068182 1 3280
BAT val 16078393 2 3283
BAT val 16088603 2 3283
BAT val 16098841 3 3284
BAT val 16109049 2 3281
BAT val 16119254 2 3283
BAT val 16129498 2 3283
BAT val 16139715 3 3284
BAT val 16149921 1 3280
BAT val 16160130 1 3280
BAT val 16170336 1 3278
BAT val 16180516 2 3283
BAT val 16190720 2 3283
BAT val 16200898 0 3273
BAT val 16211128 2 3279
BAT val 16221333 2 3279
BAT val 16231520 2 3280
BAT val 16241727 2 3280
BAT val 16251933 2 3280
BAT val 16262145 4 3285
BAT val 16272321 2 3281
BAT val 16282554 3 3284
BAT val 16292769 2 3280
BAT val 16302974 1 3278
BAT val 16313186 3 3284
BAT val 16323396 2 3280
BAT val 16333600 3 3282
BAT val 16343810 2 3281
BAT val 16354022 3 3282
BAT val 16364231 2 3280
BAT val 16374437 2 3281
BAT val 16384650 2 3279
BAT val 16394858 0 3274
BAT val 16405067 2 3280
BAT val 16415276 2 3281
BAT val 16425481 1 3278
BAT val 16435693 1 3277
BAT val 16445899 2 3279
BAT val 16456108 2 3281
BAT val 16466314 2 3281
BAT val 16476520 2 3280
BAT val 16486728 2 3279
BAT val 16496937 2 3280
BAT val 16507149 2 3281
BAT val 16517325 2 3280
BAT val 16527533 2 3279
BAT val 16537742 2 3280
BAT val 16547943 3 3283
BAT val 16558154 2 3280
BAT val 16568363 3 3284
BAT val 16578541 0 3273
BAT val 16588744 2 3281
BAT val 16598956 2 3279
BAT val 16609165 2 3280
BAT val 16619374 1 3278
BAT val 16629580 3 3283
BAT val 16639791 2 3280
BAT val 16649997 3 3282
BAT val 16660180 2 3281
BAT val 16670385 1 3278
BAT val 16680592 2 3281
BAT val 16690796 2 3279
BAT val 16700982 2 3280
BAT val 16711184 2 3279
BAT val 16721397 1 3276
BAT val 16731602 2 3281
BAT val 16741811 3 3282
BAT val 16752019 2 3279
BAT val 16762233 0 3270
BAT val 16772467 4 3283
BAT val 16782677 3 3280
BAT val 16792880 3 3281
BAT val 16803091 4 3282
BAT val 16813303 3 3280
BAT val 16823513 4 3283
BAT val 16833715 3 3281
BAT val 16843927 2 3277
BAT val 16854139 3 3280
BAT val 16864348 3 3281
BAT val 16874551 4 3283
BAT val 16884766 3 3280
BAT val 16894975 4 3283
BAT val 16905150 3 3281
BAT val 16915355 4 3282
BAT val 16925561 4 3282
BAT val 16935767 3 3281
BAT val 16945949 3 3280
BAT val 16956183 3 3279
BAT val 16966397 3 3280
BAT val 16976597 3 3281
BAT val 16986785 3 3280
BAT val 16997018 3 3281
BAT val 17007233 3 3281
BAT val 17017436 3 3279
BAT val 17027672 2 3278
BAT val 17037856 3 3281
BAT val 17048062 3 3279
BAT val 17058274 2 3277
BAT val 17068486 3 3280
BAT val 17078695 3 3281
BAT val 17088901 3 3279
BAT val 17099114 3 3279
BAT val 17109343 3 3281
BAT val 17119553 3 3280
BAT val 17129765 3 3279
BAT val 17139964 1 3274
BAT val 17150175 3 3281
BAT val 17160386 3 3280
BAT val 17170599 2 3278
BAT val 17180811 3 3279
BAT val 17190988 2 3277
BAT val 17201192 3 3279
BAT val 17211397 3 3280
BAT val 17221604 2 3278
BAT val 17231814 2 3278
BAT val 17242053 3 3279
BAT val 17252260 2 3276
BAT val 17262473 3 3279
BAT val 17272685 3 3281
BAT val 17282897 2 3277
BAT val 17293102 2 3278
BAT val 17303312 2 3277
BAT val 17313521 3 3279
BAT val 17323732 3 3280
BAT val 17333938 0 3269
BAT val 17344144 2 3276
BAT val 17354356 3 3278
BAT val 17364530 2 3276
BAT val 17374740 2 3277
BAT val 17384943 2 3276
BAT val 17395152 3 3278
BAT val 17405355 2 3277
BAT val 17415570 3 3278
BAT val 17425775 3 3278
BAT val 17435987 2 3277
BAT val 17446194 3 3280
BAT val 17456406 2 3277
BAT val 17466614 2 3277
BAT val 17476823 3 3279
BAT val 17487032 3 3278
BAT val 17497241 2 3277
BAT val 17507446 3 3278
BAT val 17517660 2 3276
BAT val 17527868 1 3274
BAT val 17538077 2 3277
BAT val 17548286 3 3279
BAT val 17558494 2 3277
BAT val 17568704 2 3277
BAT val 17578913 2 3277
BAT val 17589115 2 3277
BAT val 17599330 2 3275
BAT val 17609539 2 3275
BAT val 17619713 3 3278
BAT val 17629920 2 3275
BAT val 17640126 2 3276
BAT val 17650329 1 3274
BAT val 17660541 2 3276
BAT val 17670753 2 3276
BAT val 17680961 2 3275
BAT val 17691142 2 3277
BAT val 17701342 2 3276
BAT val 17711559 0 3270
BAT val 17721760 3 3278
BAT val 17731963 2 3276
BAT val 17742174 2 3276
BAT val 17752378 1 3273
BAT val 17762590 3 3279
BAT val 17772801 1 3273
BAT val 17783011 2 3275
BAT val 17793214 2 3277
BAT val 17803429 2 3277
BAT val 17813637 1 3272
BAT val 17823842 1 3273
BAT val 17834050 1 3273
BAT val 17844261 1 3273
BAT val 17854473 2 3275
BAT val 17864673 1 3273
BAT val 17874891 2 3275
BAT val 17885099 1 3274
BAT val 17895309 0 3266
BAT val 17905514 2 3272
BAT val 17915721 2 3274
BAT val 17925935 3 3276
BAT val 17936144 3 3276
BAT val 17946380 3 3275
BAT val 17956617 3 3275
BAT val 17966825 2 3272
BAT val 17977037 3 3276
BAT val 17987249 4 3279
BAT val 17997460 2 3273
BAT val 18007664 2 3273
BAT val 18017873 1 3270
BAT val 18028085 2 3273
BAT val 18038296 3 3276
BAT val 18048500 2 3274
BAT val 18058712 3 3275
BAT val 18068921 3 3275
BAT val 18079096 2 3272
BAT val 18089301 0 3261
BAT val 18099507 4 3273
BAT val 18109713 4 3274
BAT val 18119895 4 3275
BAT val 18130129 4 3274
BAT val 18140343 5 3276
BAT val 18150555 3 3271
BAT val 18160731 3 3272
BAT val 18170965 5 3276
BAT val 18181179 4 3275
BAT val 18191387 4 3274
BAT val 18201597 5 3277
BAT val 18211806 5 3277
BAT val 18222010 4 3273
BAT val 18232223 5 3276
BAT val 18242456 4 3274
BAT val 18252663 4 3274
BAT val 18262905 4 3273
BAT val 18273119 6 3279
BAT val 18283325 1 3264
BAT val 18293532 3 3271
BAT val 18303743 4 3275
BAT val 18313955 4 3274
BAT val 18324155 3 3272
BAT val 18334373 4 3273
BAT val 18344577 4 3273
BAT val 18354780 4 3274
BAT val 18364989 4 3274
BAT val 18375234 4 3274
BAT val 18385411 4 3273
BAT val 18395616 4 3274
BAT val 18405856 5 3278
BAT val 18416064 3 3272
BAT val 18426273 4 3273
BAT val 18436482 4 3273
BAT val 18446692 4 3275
BAT val 18456900 4 3273
BAT val 18467109 4 3274
BAT val 18477318 2 3268
BAT val 18487526 4 3273
BAT val 18497706 4 3275
BAT val 18507905 4 3273
BAT val 18518117 3 3272
BAT val 18528322 4 3273
BAT val 18538531 4 3274
BAT val 18548745 4 3273
BAT val 18558955 4 3275
BAT val 18569157 3 3271
BAT val 18579343 4 3274
BAT val 18589540 3 3270
BAT val 18599747 4 3273
BAT val 18609963 4 3273
BAT val 18620164 4 3273
BAT val 18630374 4 3274
BAT val 18640590 4 3274
BAT val 18650790 4 3275
BAT val 18660995 0 3263
BAT val 18671207 3 3272
BAT val 18681419 3 3272
BAT val 18691595 3 3271
BAT val 18701829 4 3273
BAT val 18712043 4 3274
BAT val 18722251 3 3271
BAT val 18732461 4 3275
BAT val 18742661 4 3275
BAT val 18752872 4 3274
BAT val 18763082 3 3272
BAT val 18773318 3 3272
BAT val 18783527 4 3273
BAT val 18793744 4 3273
BAT val 18803950 3 3272
BAT val 18814152 4 3273
BAT val 18824362 4 3274
BAT val 18834575 4 3273
BAT val 18844786 4 3273
BAT val 18854989 2 3268
BAT val 18865203 3 3271
BAT val 18875409 2 3269
BAT val 18885622 3 3271
BAT val 18895829 3 3271
BAT val 18906034 3 3272
BAT val 18916241 3 3271
BAT val 18926420 3 3270
BAT val 18936626 4 3273
BAT val 18946835 3 3272
BAT val 18957034 4 3273
BAT val 18967222 3 3271
BAT val 18977425 4 3273
BAT val 18987640 5 3276
BAT val 18997839 4 3273
BAT val 19008026 3 3272
BAT val 19018230 3 3272
BAT val 19028462 3 3272
BAT val 19038699 0 3262
BAT val 19048917 3 3271
BAT val 19059126 3 3270
BAT val 19069335 3 3272
BAT val 19079543 4 3273
BAT val 19089748 2 3269
BAT val 19099958 3 3271
BAT val 19110170 3 3270
BAT val 19120373 2 3269
BAT val 19130555 3 3271
BAT val 19140759 2 3268
BAT val 19151001 3 3270
BAT val 19161215 4 3273
BAT val 19171421 3 3270
BAT val 19181633 3 3272
BAT val 19191834 3 3272
BAT val 19202038 3 3270
BAT val 19212250 3 3271
BAT val 19222428 3 3270
BAT val 19232608 1 3265
BAT val 19242813 3 3271
BAT val 19253020 3 3270
BAT val 19263224 4 3274
BAT val 19273439 3 3272
BAT val 19283644 3 3270
BAT val 19293851 3 3272
BAT val 19304060 3 3272
BAT val 19314269 3 3270
BAT val 19324478 3 3271
BAT val 19334686 3 3271
BAT val 19344896 3 3271
BAT val 19355105 3 3271
BAT val 19365307 2 3268
BAT val 19375522 3 3270
BAT val 19385731 3 3271
BAT val 19395931 2 3268
BAT val 19406139 3 3272
BAT val 19416355 0 3262
BAT val 19426552 3 3270
BAT val 19436766 2 3269
BAT val 19446979 2 3268
BAT val 19457188 3 3270
BAT val 19467396 2 3269
BAT val 19477572 3 3270
BAT val 19487780 2 3268
BAT val 19497982 3 3271
BAT val 19508198 4 3273
BAT val 19518407 3 3272
BAT val 19528616 3 3270
BAT val 19538821 3 3270
BAT val 19549028 3 3270
BAT val 19559266 4 3273
BAT val 19569479 2 3268
BAT val 19579684 2 3267
BAT val 19589896 2 3268
BAT val 19600104 2 3269
BAT val 19610309 1 3264
BAT val 19620519 2 3269
BAT val 19630730 2 3267
BAT val 19640934 2 3269
BAT val 19651120 3 3270
BAT val 19661322 2 3267
BAT val 19671535 2 3267
BAT val 19681740 3 3270
BAT val 19691923 1 3266
BAT val 19702121 1 3265
BAT val 19712326 1 3266
BAT val 19722566 2 3269
BAT val 19732810 3 3270
BAT val 19743016 1 3266
BAT val 19753229 2 3267
BAT val 19763441 2 3268
BAT val 19773652 1 3266
BAT val 19783855 2 3267
BAT val 19794065 0 3258
BAT val 19804277 3 3267
BAT val 19814488 3 3268
BAT val 19824692 3 3267
BAT val 19834904 2 3265
BAT val 19845113 3 3267
BAT val 19855288 3 3268
BAT val 19865464 3 3267
BAT val 19875669 2 3265
BAT val 19885871 3 3268
BAT val 19896054 2 3266
BAT val 19906259 2 3265
BAT val 19916498 2 3266
BAT val 19926711 2 3264
BAT val 19936916 3 3267
BAT val 19947128 2 3264
BAT val 19957336 2 3266
BAT val 19967541 2 3265
BAT val 19977745 2 3266
BAT val 19987957 2 3264
BAT val 19998187 3 3267
BAT val 20008395 2 3266
BAT val 20018604 2 3266
BAT val 20028813 3 3267
BAT val 20039022 2 3264
BAT val 20049254 1 3263
BAT val 20059463 3 3268
BAT val 20069673 2 3265
BAT val 20079878 2 3266
BAT val 20090090 2 3265
BAT val 20100296 3 3267
BAT val 20110506 2 3266
BAT val 20120714 2 3266
BAT val 20130922 2 3265
BAT val 20141131 2 3266
BAT val 20151337 2 3265
BAT val 20161580 3 3268
BAT val 20171788 2 3265
BAT val 20181997 0 3259
BAT val 20192206 2 3264
BAT val 20202449 2 3265
BAT val 20212658 2 3264
BAT val 20222867 2 3264
BAT val 20233077 3 3268
BAT val 20243291 2 3266
BAT val 20253490 3 3268
BAT val 20263703 2 3266
BAT val 20273914 2 3264
BAT val 20284126 2 3264
BAT val 20294326 2 3265
BAT val 20304539 2 3266
BAT val 20314750 2 3265
BAT val 20324958 3 3269
BAT val 20335186 2 3266
BAT val 20345433 2 3265
BAT val 20355643 2 3266
BAT val 20365851 2 3266
BAT val 20376064 0 3256
BAT val 20386300 2 3264
BAT val 20396508 2 3262
BAT val 20406721 2 3264
BAT val 20416933 3 3266
BAT val 20427142 3 3266
BAT val 20437345 2 3263
BAT val 20447557 2 3263
BAT val 20457768 3 3265
BAT val 20467977 3 3266
BAT val 20478181 2 3263
BAT val 20488389 3 3266
BAT val 20498590 2 3263
BAT val 20508804 2 3264
BAT val 20519009 3 3266
BAT val 20529226 3 3265
BAT val 20539451 2 3262
BAT val 20549669 3 3266
BAT val 20559883 2 3262
BAT val 20570088 0 3253
BAT val 20580296 4 3265
BAT val 20590509 4 3266
BAT val 20600743 5 3269
BAT val 20610949 4 3266
BAT val 20621155 3 3264
BAT val 20631366 4 3265
BAT val 20641603 2 3261
BAT val 20651789 3 3263
BAT val 20661994 4 3265
BAT val 20672204 4 3265
BAT val 20682409 3 3264
BAT val 20692610 4 3265
BAT val 20702815 3 3264
BAT val 20713055 4 3266
BAT val 20723261 3 3264
BAT val 20733477 4 3265
BAT val 20743679 3 3262
BAT val 20753861 3 3263
BAT val 20764090 1 3257
BAT val 20774300 3 3264
BAT val 20784509 3 3262
BAT val 20794721 3 3263
BAT val 20804932 3 3263
BAT val 20815144 3 3263
BAT val 20825347 2 3260
BAT val 20835561 3 3263
BAT val 20845760 3 3263
BAT val 20855970 2 3259
BAT val 20866181 3 3262
BAT val 20876355 2 3260
BAT val 20886559 3 3263
BAT val 20896768 2 3261
BAT val 20906981 3 3262
BAT val 20917185 2 3261
BAT val 20927370 2 3261
BAT val 20937604 3 3263
BAT val 20947809 2 3261
BAT val 20958026 2 3259
BAT val 20968235 3 3263
BAT val 20978444 2 3261
BAT val 20988653 3 3263
BAT val 20998862 3 3262
BAT val 21009094 3 3263
BAT val 21019307 2 3260
BAT val 21029512 2 3261
BAT val 21039724 3 3262
BAT val 21049932 2 3259
BAT val 21060139 2 3261
BAT val 21070341 2 3261
BAT val 21080585 3 3264
BAT val 21090793 3 3262
BAT val 21101035 3 3262
BAT val 21111244 3 3262
BAT val 21121453 2 3259
BAT val 21131663 3 3262
BAT val 21141902 3 3263
BAT val 21152116 0 3254
BAT val 21162325 2 3260
BAT val 21172534 3 3262
BAT val 21182743 2 3260
BAT val 21192948 3 3262
BAT val 21203162 3 3263
BAT val 21213370 2 3260
BAT val 21223579 3 3264
BAT val 21233788 3 3264
BAT val 21243996 3 3263
BAT val 21254206 3 3264
BAT val 21264415 2 3261
BAT val 21274617 3 3263
BAT val 21284832 2 3260
BAT val 21295031 2 3261
BAT val 21305213 2 3260
BAT val 21315419 3 3263
BAT val 21325628 2 3260
BAT val 21335802 0 3251
BAT val 21346010 3 3261
BAT val 21356221 4 3264
BAT val 21366430 3 3261
BAT val 21376607 2 3259
BAT val 21386811 2 3258
BAT val 21397017 2 3259
BAT val 21407229 3 3260
BAT val 21417432 3 3261
BAT val 21427642 3 3260
BAT val 21437848 4 3263
BAT val 21448059 3 3261
BAT val 21458271 3 3262
BAT val 21468484 2 3258
BAT val 21478687 1 3256
BAT val 21488925 3 3261
BAT val 21499139 2 3258
BAT val 21509345 3 3260
BAT val 21519552 2 3259
BAT val 21529766 2 3259
BAT val 21539975 2 3259
BAT val 21550175 2 3258
BAT val 21560393 4 3263
BAT val 21570602 2 3259
BAT val 21580811 3 3261
BAT val 21591016 2 3259
BAT val 21601223 2 3257
BAT val 21611427 2 3259
BAT val 21621636 1 3256
BAT val 21631876 3 3260
BAT val 21642120 3 3262
BAT val 21652327 2 3258
BAT val 21662539 2 3259
BAT val 21672751 2 3259
BAT val 21682962 2 3258
BAT val 21693166 2 3257
BAT val 21703375 3 3261
BAT val 21713587 2 3259
BAT val 21723798 0 3250
BAT val 21734002 1 3255
BAT val 21744214 3 3261
BAT val 21754423 3 3259
BAT val 21764598 2 3258
BAT val 21774774 1 3254
BAT val 21784979 1 3255
BAT val 21795181 2 3257
BAT val 21805364 1 3255
BAT val 21815537 2 3256
BAT val 21825741 2 3256
BAT val 21835950 2 3256
BAT val 21846162 2 3257
BAT val 21856371 2 3257
BAT val 21866577 3 3259
BAT val 21876789 1 3255
BAT val 21886995 3 3259
BAT val 21897201 1 3255
BAT val 21907409 1 3254
BAT val 21917650 2 3258
BAT val 21927857 1 3255
BAT val 21938066 2 3257
BAT val 21948276 1 3254
BAT val 21958455 1 3255
BAT val 21968659 1 3255
BAT val 21978868 1 3255
BAT val 21989108 2 3258
BAT val 21999352 2 3256
BAT val 22009558 1 3254
BAT val 22019771 2 3257
BAT val 22029983 3 3259
BAT val 22040194 1 3255
BAT val 22050398 2 3256
BAT val 22060605 2 3257
BAT val 22070819 2 3257
BAT val 22081030 2 3256
BAT val 22091234 2 3256
BAT val 22101446 0 3249
BAT val 22111655 2 3257
BAT val 22121830 3 3258
BAT val 22132042 3 3258
BAT val 22142272 2 3257
BAT val 22152478 2 3255
BAT val 22162690 2 3255
BAT val 22172899 2 3257
BAT val 22183114 1 3254
BAT val 22193312 2 3257
BAT val 22203525 1 3254
BAT val 22213731 3 3259
BAT val 22223934 2 3257
BAT val 22234116 0 3251
BAT val 22244320 2 3255
BAT val 22254525 1 3254
BAT val 22264739 1 3253
BAT val 22274944 1 3254
BAT val 22285161 0 3247
BAT val 22295365 3 3257
BAT val 22305575 2 3254
BAT val 22315783 3 3256
BAT val 22325989 2 3253
BAT val 22336198 3 3256
BAT val 22346404 2 3255
BAT val 22356611 1 3252
BAT val 22366819 2 3254
BAT val 22377036 1 3251
BAT val 22387238 1 3251
BAT val 22397421 2 3254
BAT val 22407630 1 3251
BAT val 22417839 1 3251
BAT val 22428044 2 3254
BAT val 22438247 2 3254
BAT val 22448430 2 3253
BAT val 22458637 2 3255
BAT val 22468838 0 3239
BAT val 22479026 3 3251
BAT val 22489231 4 3254
BAT val 22499437 3 3250
BAT val 22509642 4 3254
BAT val 22519851 4 3254
BAT val 22530059 3 3251
BAT val 22540269 4 3254
BAT val 22550477 4 3253
BAT val 22560658 5 3255
BAT val 22570919 4 3252
BAT val 22581100 4 3253
BAT val 22591306 3 3251
BAT val 22601517 3 3249
BAT val 22611755 3 3251
BAT val 22621935 3 3251
BAT val 22632142 3 3251
BAT val 22642351 3 3251
BAT val 22652557 3 3250
BAT val 22662739 4 3252
BAT val 22672966 4 3253
BAT val 22683180 3 3251
BAT val 22693359 3 3250
BAT val 22703593 2 3248
BAT val 22713804 3 3249
BAT val 22724013 3 3251
BAT val 22734223 4 3252
BAT val 22744462 3 3250
BAT val 22754676 4 3253
BAT val 22764885 3 3251
BAT val 22775094 4 3254
BAT val 22785303 3 3251
BAT val 22795508 3 3250
BAT val 22805722 3 3249
BAT val 22815930 3 3251
BAT val 22826139 3 3251
BAT val 22836348 4 3253
BAT val 22846556 1 3244
BAT val 22856766 2 3247
BAT val 22866941 4 3253
BAT val 22877144 3 3250
BAT val 22887356 3 3251
BAT val 22897596 4 3253
BAT val 22907802 3 3249
BAT val 22918013 3 3250
BAT val 22928223 3 3249
BAT val 22938401 3 3251
BAT val 22948605 3 3251
BAT val 22958815 3 3250
BAT val 22969023 3 3249
BAT val 22979227 3 3251
BAT val 22989412 3 3249
BAT val 22999645 3 3249
BAT val 23009822 3 3249
BAT val 23020062 3 3250
BAT val 23030277 3 3249
BAT val 23040486 1 3244
BAT val 23050691 2 3248
BAT val 23060898 2 3248
BAT val 23071136 2 3248
BAT val 23081349 3 3250
BAT val 23091554 2 3247
BAT val 23101766 2 3248
BAT val 23111974 2 3247
BAT val 23122179 2 3248
BAT val 23132389 2 3246
BAT val 23142600 3 3250
BAT val 23152804 2 3247
BAT val 23163015 1 3245
BAT val 23173225 3 3249
BAT val 23183438 2 3247
BAT val 23193640 2 3248
BAT val 23203856 2 3248
BAT val 23214060 2 3246
BAT val 23224272 3 3250
BAT val 23234502 0 3240
BAT val 23244748 3 3250
BAT val 23254954 2 3247
BAT val 23265197 3 3249
BAT val 23275412 2 3247
BAT val 23285621 2 3248
BAT val 23295830 3 3249
BAT val 23306038 1 3245
BAT val 23316248 2 3248
BAT val 23326457 2 3248
BAT val 23336659 2 3246
BAT val 23346874 3 3250
BAT val 23357084 3 3250
BAT val 23367285 4 3252
BAT val 23377495 2 3247
BAT val 23387705 2 3247
BAT val 23397883 2 3247
BAT val 23408087 2 3247
BAT val 23418297 2 3248
BAT val 23428505 0 3240
BAT val 23438709 2 3247
BAT val 23448894 2 3248
BAT val 23459127 1 3245
BAT val 23469304 1 3245
BAT val 23479510 2 3246
BAT val 23489719 2 3247
BAT val 23499924 2 3246
BAT val 23510131 1 3244
BAT val 23520346 1 3244
BAT val 23530551 2 3248
BAT val 23540763 2 3247
BAT val 23550972 2 3247
BAT val 23561175 2 3247
BAT val 23571387 2 3247
BAT val 23581599 2 3247
BAT val 23591805 2 3248
BAT val 23601982 2 3247
BAT val 23612186 0 3237
BAT val 23622394 3 3249
BAT val 23632598 3 3247
BAT val 23642783 2 3245
BAT val 23653016 2 3245
BAT val 23663230 3 3248
BAT val 23673475 2 3246
BAT val 23683689 3 3249
BAT val 23693920 3 3248
BAT val 23704136 1 3243
BAT val 23714336 2 3245
BAT val 23724520 2 3246
BAT val 23734723 2 3245
BAT val 23744926 2 3244
BAT val 23755138 2 3245
BAT val 23765375 3 3247
BAT val 23775559 2 3244
BAT val 23785760 2 3244
BAT val 23795967 2 3246
BAT val 23806175 1 3242
BAT val 23816384 3 3247
BAT val 23826596 1 3243
BAT val 23836834 2 3244
BAT val 23847052 2 3246
BAT val 23857255 3 3248
BAT val 23867466 3 3247
BAT val 23877678 2 3246
BAT val 23887889 2 3244
BAT val 23898096 2 3246
BAT val 23908302 2 3246
BAT val 23918504 2 3245
BAT val 23928712 2 3246
BAT val 23938891 2 3244
BAT val 23949097 2 3245
BAT val 23959302 3 3247
BAT val 23969518 2 3245
BAT val 23979721 2 3246
BAT val 23989933 0 3238
BAT val 24000138 2 3245
BAT val 24010349 2 3244
BAT val 24020557 2 3244
BAT val 24030742 2 3244
BAT val 24040944 1 3243
BAT val 24051144 1 3243
BAT val 24061358 1 3243
BAT val 24071567 1 3242
BAT val 24081773 2 3244
BAT val 24091986 2 3246
BAT val 24102194 1 3243
BAT val 24112403 2 3246
BAT val 24122612 2 3245
BAT val 24132820 1 3243
BAT val 24143030 2 3244
BAT val 24153261 2 3244
BAT val 24163478 2 3246
BAT val 24173684 2 3244
BAT val 24183887 0 3230
BAT val 24194096 3 3242
BAT val 24204338 5 3246
BAT val 24214552 5 3246
BAT val 24224762 5 3247
BAT val 24234964 3 3241
BAT val 24245179 4 3243
BAT val 24255388 4 3244
BAT val 24265597 4 3243
BAT val 24275803 3 3242
BAT val 24286015 5 3246
BAT val 24296223 4 3244
BAT val 24306428 4 3243
BAT val 24316641 4 3244
BAT val 24326850 4 3243
BAT val 24337053 3 3242
BAT val 24347269 3 3242
BAT val 24357468 4 3245
BAT val 24367676 4 3245
BAT val 24377882 1 3234
BAT val 24388094 3 3242
BAT val 24398303 3 3240
BAT val 24408517 3 3242
BAT val 24418721 5 3246
BAT val 24428932 3 3242
BAT val 24439109 4 3243
BAT val 24449288 3 3242
BAT val 24459493 3 3242
BAT val 24469695 3 3241
BAT val 24479904 3 3242
BAT val 24490119 4 3243
BAT val 24500322 2 3238
BAT val 24510532 3 3241
BAT val 24520740 3 3242
BAT val 24530949 3 3241
BAT val 24541158 3 3242
BAT val 24551366 3 3242
BAT val 24561576 1 3236
BAT val 24571785 4 3244
BAT val 24581987 3 3240
BAT val 24592202 3 3240
BAT val 24602401 2 3237
BAT val 24612583 3 3241
BAT val 24622789 3 3242
BAT val 24632998 3 3242
BAT val 24643173 3 3241
BAT val 24653380 3 3240
BAT val 24663591 2 3239
BAT val 24673800 3 3240
BAT val 24683977 2 3238
BAT val 24694181 2 3239
BAT val 24704413 3 3241
BAT val 24714629 3 3240
BAT val 24724837 3 3241
BAT val 24735047 2 3238
BAT val 24745250 0 3229
BAT val 24755464 3 3239
BAT val 24765697 4 3242
BAT val 24775907 3 3240
BAT val 24786112 4 3243
BAT val 24796294 2 3237
BAT val 24806523 2 3238
BAT val 24816735 3 3240
BAT val 24826944 2 3238
BAT val 24837176 3 3241
BAT val 24847396 3 3240
BAT val 24857626 4 3242
BAT val 24867840 2 3237
BAT val 24878042 2 3238
BAT val 24888256 3 3240
BAT val 24898460 3 3239
BAT val 24908671 2 3236
BAT val 24918848 2 3238
BAT val 24929027 3 3240
BAT val 24939232 0 3230
BAT val 24949439 3 3240
BAT val 24959643 3 3240
BAT val 24969858 2 3237
BAT val 24980061 2 3236
BAT val 24990270 3 3241
BAT val 25000479 2 3238
BAT val 25010684 2 3238
BAT val 25020896 2 3238
BAT val 25031105 2 3238
BAT val 25041315 3 3239
BAT val 25051524 2 3237
BAT val 25061755 3 3239
BAT val 25071971 2 3238
BAT val 25082171 3 3239
BAT val 25092355 2 3237
BAT val 25102560 2 3237
BAT val 25112774 3 3240
BAT val 25122971 1 3233
BAT val 25133185 2 3237
BAT val 25143393 3 3239
BAT val 25153608 2 3238
BAT val 25163812 2 3236
BAT val 25173991 1 3235
BAT val 25184199 1 3235
BAT val 25194375 1 3235
BAT val 25204601 2 3236
BAT val 25214849 2 3238
BAT val 25225032 2 3236
BAT val 25235207 2 3236
BAT val 25245408 1 3234
BAT val 25255588 2 3236
BAT val 25265791 1 3235
BAT val 25276010 1 3234
BAT val 25286241 2 3236
BAT val 25296454 1 3235
BAT val 25306666 2 3238
BAT val 25316872 1 3233
BAT val 25327077 3 3239
BAT val 25337286 1 3235
BAT val 25347527 2 3238
BAT val 25357734 2 3236
BAT val 25367943 1 3234
BAT val 25378153 2 3236
BAT val 25388394 1 3233
BAT val 25398577 1 3235
BAT val 25408779 0 3232
BAT val 25419018 2 3237
BAT val 25429235 1 3235
BAT val 25439439 2 3238
BAT val 25449648 1 3233
BAT val 25459851 1 3234
BAT val 25470059 0 3231
BAT val 25480274 0 3231
BAT val 25490484 2 3236
BAT val 25500689 1 3234
BAT val 25510892 0 3231
BAT val 25521075 1 3233
BAT val 25531282 1 3235
BAT val 25541483 1 3235
BAT val 25551671 1 3233
BAT val 25561876 0 3232
BAT val 25572084 0 3231
BAT val 25582287 1 3233
BAT val 25592496 1 3233
BAT val 25602704 1 3234
BAT val 25612914 1 3233
BAT val 25623123 1 3234
BAT val 25633303 0 3231
BAT val 25643534 1 3234
BAT val 25653749 0 3231
BAT val 25663950 0 3231
BAT val 25674167 0 3231
BAT val 25684376 0 3231
BAT val 25694585 0 3225
BAT val 25704794 2 3234
BAT val 25715003 1 3231
BAT val 25725212 2 3234
BAT val 25735421 2 3232
BAT val 25745630 2 3232
BAT val 25755832 1 3231
BAT val 25766047 1 3229
BAT val 25776278 1 3229
BAT val 25786488 1 3230
BAT val 25796699 1 3231
BAT val 25806900 2 3232
BAT val 25817088 0 3226
BAT val 25827291 1 3230
BAT val 25837500 1 3230
BAT val 25847709 1 3230
BAT val 25857890 0 3227
BAT val 25868117 1 3231
BAT val 25878360 0 3223
BAT val 25888548 0 3224
BAT val 25898753 2 3230
BAT val 25908929 1 3229
BAT val 25919133 1 3228
BAT val 25929371 1 3229
BAT val 25939614 1 3228
BAT val 25949821 0 3226
BAT val 25960037 1 3227
BAT val 25970246 1 3227
BAT val 25980418 0 3225
BAT val 25990627 1 3228
BAT val 26000833 1 3229
BAT val 26011036 1 3227
BAT val 26021247 1 3229
BAT val 26031459 0 3226
BAT val 26041668 1 3227
BAT val 26051874 1 3228
BAT val 26062057 1 3227
BAT val 26072262 0 3222
BAT val 26082464 0 3225
BAT val 26092672 0 3224
BAT val 26102877 1 3228
BAT val 26113085 2 3231
BAT val 26123297 1 3228
BAT val 26133500 0 3225
BAT val 26143718 0 3224
BAT val 26153926 1 3227
BAT val 26164135 1 3227
BAT val 26174344 1 3228
BAT val 26184550 1 3227
BAT val 26194762 0 3225
BAT val 26204968 1 3226
BAT val 26215174 0 3224
BAT val 26225379 1 3227
BAT val 26235558 0 3224
BAT val 26245737 0 3225
BAT val 26255942 0 3216
BAT val 26266149 3 3228
BAT val 26276353 2 3225
BAT val 26286568 3 3227
BAT val 26296773 2 3224
BAT val 26306980 2 3224
BAT val 26317162 2 3225
BAT val 26327367 2 3225
BAT val 26337543 2 3225
BAT val 26347775 4 3230
BAT val 26358020 3 3227
BAT val 26368234 2 3223
BAT val 26378436 2 3224
BAT val 26388651 2 3224
BAT val 26398861 2 3224
BAT val 26409062 2 3225
BAT val 26419272 1 3221
BAT val 26429482 2 3224
BAT val 26439660 0 3217
BAT val 26449864 3 3226
BAT val 26460074 2 3223
BAT val 26470282 2 3225
BAT val 26480486 1 3221
BAT val 26490671 2 3223
BAT val 26500905 1 3222
BAT val 26511110 2 3223
BAT val 26521327 2 3224
BAT val 26531536 1 3221
BAT val 26541745 2 3223
BAT val 26551954 1 3222
BAT val 26562163 1 3222
BAT val 26572372 1 3222
BAT val 26582581 2 3223
BAT val 26592783 1 3220
BAT val 26602993 1 3222
BAT val 26613207 2 3225
BAT val 26623402 2 3223
BAT val 26633605 0 3215
BAT val 26643811 2 3223
BAT val 26654024 3 3225
BAT val 26664202 1 3221
BAT val 26674436 2 3222
BAT val 26684650 3 3225
BAT val 26694858 2 3223
BAT val 26705068 2 3224
BAT val 26715268 2 3222
BAT val 26725485 2 3223
BAT val 26735689 2 3223
BAT val 26745894 2 3222
BAT val 26756102 1 3220
BAT val 26766315 2 3222
BAT val 26776525 2 3223
BAT val 26786761 2 3223
BAT val 26796969 1 3220
BAT val 26807182 2 3224
BAT val 26817389 1 3221
BAT val 26827605 0 3218
BAT val 26837835 2 3222
BAT val 26848013 1 3221
BAT val 26858218 1 3221
BAT val 26868431 1 3221
BAT val 26878639 1 3221
BAT val 26888843 2 3223
BAT val 26899028 1 3221
BAT val 26909262 2 3223
BAT val 26919468 0 3218
BAT val 26929684 1 3221
BAT val 26939893 2 3222
BAT val 26950102 1 3221
BAT val 26960307 0 3218
BAT val 26970514 1 3221
BAT val 26980752 2 3222
BAT val 26990964 2 3223
BAT val 27001173 2 3222
BAT val 27011389 0 3215
BAT val 27021618 0 3216
BAT val 27031828 2 3223
BAT val 27042039 2 3223
BAT val 27052248 1 3221
BAT val 27062452 1 3219
BAT val 27072641 0 3216
BAT val 27082873 0 3218
BAT val 27093077 0 3218
BAT val 27103287 1 3219
BAT val 27113498 0 3215
BAT val 27123711 1 3220
BAT val 27133920 0 3218
BAT val 27144128 0 3216
BAT val 27154364 2 3222
BAT val 27164543 2 3222
BAT val 27174723 0 3215
BAT val 27184929 0 3217
BAT val 27195136 2 3222
BAT val 27205341 0 3210
BAT val 27215578 2 3219
BAT val 27225787 3 3222
BAT val 27235996 2 3220
BAT val 27246234 2 3219
BAT val 27256452 2 3220
BAT val 27266656 2 3218
BAT val 27276863 1 3216
BAT val 27287077 1 3215
BAT val 27297289 2 3219
BAT val 27307494 2 3219
BAT val 27317704 2 3217
BAT val 27327913 2 3218
BAT val 27338124 1 3216
BAT val 27348330 1 3216
BAT val 27358536 2 3217
BAT val 27368748 2 3219
BAT val 27378953 2 3218
BAT val 27389159 1 3215
BAT val 27399370 0 3208
BAT val 27409573 1 3214
BAT val 27419756 1 3214
BAT val 27429963 1 3214
BAT val 27440167 2 3215
BAT val 27450374 1 3214
BAT val 27460586 1 3214
BAT val 27470790 2 3215
BAT val 27481002 1 3213
BAT val 27491215 1 3214
BAT val 27501421 2 3215
BAT val 27511598 2 3215
BAT val 27521802 1 3213
BAT val 27532010 2 3215
BAT val 27542214 3 3219
BAT val 27552399 1 3214
BAT val 27562608 1 3213
BAT val 27572809 2 3217
BAT val 27583025 0 3208
BAT val 27593259 1 3214
BAT val 27603470 2 3215
BAT val 27613682 2 3217
BAT val 27623888 1 3213
BAT val 27634095 2 3216
BAT val 27644272 2 3215
BAT val 27654478 1 3213
BAT val 27664686 1 3214
BAT val 27674896 1 3213
BAT val 27685098 2 3215
BAT val 27695313 1 3214
BAT val 27705522 2 3215
BAT val 27715731 2 3217
BAT val 27725940 1 3213
BAT val 27736149 1 3212
BAT val 27746357 1 3214
BAT val 27756562 0 3211
BAT val 27766775 0 3211
BAT val 27776984 0 3208
BAT val 27787187 0 3211
BAT val 27797403 2 3216
BAT val 27807608 0 3210
BAT val 27817821 1 3212
BAT val 27828049 1 3213
BAT val 27838261 1 3212
BAT val 27848467 0 3210
BAT val 27858679 0 3211
BAT val 27868885 0 3209
BAT val 27879099 0 3208
BAT val 27889273 0 3210
BAT val 27899456 0 3209
BAT val 27909657 0 3210
BAT val 27919866 1 3212
BAT val 27930041 0 3211
BAT val 27940253 1 3212
BAT val 27950458 0 3210
BAT val 27960665 0 3209
BAT val 27970868 0 3210
BAT val 27981113 1 3212
BAT val 27991321 0 3211
BAT val 28001534 1 3213
BAT val 28011739 0 3209
BAT val 28021951 0 3209
BAT val 28032152 0 3209
BAT val 28042366 0 3210
BAT val 28052575 0 3209
BAT val 28062777 0 3210
BAT val 28072963 0 3211
BAT val 28083202 1 3212
BAT val 28093404 1 3212
BAT val 28103613 0 3208
BAT val 28113822 0 3211
BAT val 28124064 0 3210
BAT val 28134274 0 3209
BAT val 28144486 0 3209
BAT val 28154690 0 3199
BAT val 28164870 3 3211
BAT val 28175075 2 3208
BAT val 28185281 2 3207
BAT val 28195487 2 3208
BAT val 28205699 2 3207
BAT val 28215908 2 3208
BAT val 28226117 3 3210
BAT val 28236317 3 3210
BAT val 28246505 3 3210
BAT val 28256711 2 3207
BAT val 28266916 3 3210
BAT val 28277122 2 3206
BAT val 28287330 2 3208
BAT val 28297539 2 3206
BAT val 28307748 2 3206
BAT val 28317957 2 3209
BAT val 28328166 1 3205
BAT val 28338375 0 3199
BAT val 28348584 2 3208
BAT val 28358793 2 3208
BAT val 28368994 2 3206
BAT val 28379195 2 3207
BAT val 28389384 2 3207
BAT val 28399588 2 3209
BAT val 28409797 2 3206
BAT val 28419997 2 3206
BAT val 28430206 2 3207
BAT val 28440421 2 3206
BAT val 28450630 1 3204
BAT val 28460838 0 3201
BAT val 28471045 1 3205
BAT val 28481256 1 3204
BAT val 28491465 1 3205
BAT val 28501644 1 3205
BAT val 28511847 1 3205
BAT val 28522052 0 3197
BAT val 28532261 2 3205
BAT val 28542468 1 3203
BAT val 28552684 2 3205
BAT val 28562888 2 3204
BAT val 28573100 2 3205
BAT val 28583304 2 3204
BAT val 28593511 2 3206
BAT val 28603696 1 3201
BAT val 28613898 2 3204
BAT val 28624107 2 3206
BAT val 28634308 2 3207
BAT val 28644522 3 3208
BAT val 28654731 2 3205
BAT val 28664943 1 3201
BAT val 28675119 1 3203
BAT val 28685302 1 3201
BAT val 28695506 2 3204
BAT val 28705712 0 3197
BAT val 28715889 1 3201
BAT val 28726097 1 3202
BAT val 28736302 2 3204
BAT val 28746512 2 3204
BAT val 28756720 1 3203
BAT val 28766929 1 3202
BAT val 28777138 0 3200
BAT val 28787346 1 3201
BAT val 28797556 0 3200
BAT val 28807765 0 3200
BAT val 28817967 1 3202
BAT val 28828182 0 3200
BAT val 28838391 1 3201
BAT val 28848565 0 3199
BAT val 28858769 1 3201
BAT val 28868978 0 3199
BAT val 28879153 2 3204
BAT val 28889360 0 3194
BAT val 28899561 1 3199
BAT val 28909770 1 3198
BAT val 28919975 2 3202
BAT val 28930191 1 3198
BAT val 28940433 1 3198
BAT val 28950612 1 3198
BAT val 28960818 1 3199
BAT val 28970997 1 3198
BAT val 28981198 2 3202
BAT val 28991406 2 3201
BAT val 29001613 1 3199
BAT val 29011826 1 3200
BAT val 29022031 2 3204
BAT val 29032243 2 3202
BAT val 29042454 1 3200
BAT val 29052659 1 3199
BAT val 29062869 0 3197
BAT val 29073076 0 3191
BAT val 29083282 2 3199
BAT val 29093494 1 3197
BAT val 29103702 2 3199
BAT val 29113881 2 3200
BAT val 29124115 1 3198
BAT val 29134330 1 3198
BAT val 29144530 1 3197
BAT val 29154747 2 3199
BAT val 29164956 2 3199
BAT val 29175157 1 3198
BAT val 29185374 2 3201
BAT val 29195580 1 3198
BAT val 29205787 1 3197
BAT val 29215965 1 3197
BAT val 29226173 2 3200
BAT val 29236378 2 3199
BAT val 29246588 1 3195
BAT val 29256790 1 3197
BAT val 29267005 0 3190
BAT val 29277210 1 3197
BAT val 29287390 1 3195
BAT val 29297592 1 3196
BAT val 29307771 1 3195
BAT val 29317980 3 3201
BAT val 29328185 1 3196
BAT val 29338422 1 3196
BAT val 29348606 1 3196
BAT val 29358812 1 3196
BAT val 29369021 1 3196
BAT val 29379223 1 3197
BAT val 29389436 1 3195
BAT val 29399641 1 3195
BAT val 29409844 1 3195
BAT val 29420054 2 3198
BAT val 29430271 2 3198
BAT val 29440476 1 3197
BAT val 29450686 0 3188
BAT val 29460894 2 3196
BAT val 29471096 1 3195
BAT val 29481306 2 3197
BAT val 29491521 2 3197
BAT val 29501727 1 3195
BAT val 29511929 1 3193
BAT val 29522138 2 3196
BAT val 29532317 1 3195
BAT val 29542496 2 3196
BAT val 29552701 3 3200
BAT val 29562933 1 3194
BAT val 29573136 1 3195
BAT val 29583337 2 3197
BAT val 29593517 1 3192
BAT val 29603750 2 3196
BAT val 29613968 2 3196
BAT val 29624177 1 3195
BAT val 29634382 0 3182
BAT val 29644582 3 3194
BAT val 29654768 3 3195
BAT val 29664974 2 3192
BAT val 29675181 3 3196
BAT val 29685390 3 3196
BAT val 29695569 4 3197
BAT val 29705801 3 3196
BAT val 29716017 3 3196
BAT val 29726217 3 3195
BAT val 29736434 3 3193
BAT val 29746663 3 3196
BAT val 29756877 3 3195
BAT val 29767115 3 3195
BAT val 29777334 3 3194
BAT val 29787539 2 3192
BAT val 29797749 3 3194
BAT val 29807958 3 3193
BAT val 29818169 3 3194
BAT val 29828375 1 3189
BAT val 29838581 2 3191
BAT val 29848793 3 3194
BAT val 29858967 2 3191
BAT val 29869171 3 3194
BAT val 29879350 2 3190
BAT val 29889551 2 3192
BAT val 29899759 3 3193
BAT val 29909966 3 3195
BAT val 29920179 3 3193
BAT val 29930384 2 3191
BAT val 29940598 2 3192
BAT val 29950805 1 3188
BAT val 29961012 3 3193
BAT val 29971222 2 3190
BAT val 29981426 2 3190
BAT val 29991635 3 3193
BAT val 30001847 2 3191
BAT val 30012055 0 3180
BAT val 30022259 3 3191
BAT val 30032444 3 3191
BAT val 30042653 3 3192
BAT val 30052861 3 3194
BAT val 30063094 3 3191
BAT val 30073279 3 3191
BAT val 30083485 3 3191
BAT val 30093694 3 3191
BAT val 30103893 3 3191
BAT val 30114081 2 3190
BAT val 30124283 2 3189
BAT val 30134499 2 3189
BAT val 30144698 2 3189
BAT val 30154885 2 3190
BAT val 30165089 3 3192
BAT val 30175298 4 3196
BAT val 30185498 3 3191
BAT val 30195686 1 3184
BAT val 30205892 3 3191
BAT val 30216097 3 3191
BAT val 30226303 3 3191
BAT val 30236508 1 3186
BAT val 30246720 2 3189
BAT val 30256929 1 3187
BAT val 30267138 3 3192
BAT val 30277347 2 3189
BAT val 30287556 3 3191
BAT val 30297765 1 3187
BAT val 30307974 1 3186
BAT val 30318176 2 3189
BAT val 30328391 1 3186
BAT val 30338597 1 3187
BAT val 30348803 1 3187
BAT val 30358985 1 3186
BAT val 30369191 2 3188
BAT val 30379396 0 3182
BAT val 30389602 2 3189
BAT val 30399814 2 3188
BAT val 30410019 2 3188
BAT val 30420226 2 3188
BAT val 30430437 3 3191
BAT val 30440646 3 3192
BAT val 30450850 2 3188
BAT val 30461062 2 3189
BAT val 30471266 2 3188
BAT val 30481475 2 3189
BAT val 30491685 2 3188
BAT val 30501896 0 3183
BAT val 30512097 1 3184
BAT val 30522311 2 3188
BAT val 30532521 2 3188
BAT val 30542721 1 3186
BAT val 30552912 1 3187
BAT val 30563140 1 3184
BAT val 30573347 2 3190
BAT val 30583559 1 3187
BAT val 30593774 1 3186
BAT val 30603982 2 3188
BAT val 30614183 2 3188
BAT val 30624367 1 3185
BAT val 30634575 1 3185
BAT val 30644808 1 3186
BAT val 30655051 1 3187
BAT val 30665266 2 3188
BAT val 30675475 1 3187
BAT val 30685678 1 3186
BAT val 30695887 0 3183
BAT val 30706102 1 3185
BAT val 30716311 1 3184
BAT val 30726513 1 3187
BAT val 30736721 1 3185
BAT val 30746927 1 3185
BAT val 30757136 0 3183
BAT val 30767347 1 3186
BAT val 30777558 1 3184
BAT val 30787758 1 3184
BAT val 30797972 0 3183
BAT val 30808181 0 3183
BAT val 30818394 0 3183
BAT val 30828599 0 3182
BAT val 30838808 0 3181
BAT val 30849016 0 3183
BAT val 30859228 0 3181
BAT val 30869429 1 3184
BAT val 30879643 0 3183
BAT val 30889852 1 3185
BAT val 30900058 0 3182
BAT val 30910240 0 3181
BAT val 30920470 0 3182
BAT val 30930681 0 3182
BAT val 30940890 0 3181
BAT val 30951129 0 3170
BAT val 30961347 2 3181
BAT val 30971551 2 3181
BAT val 30981763 2 3178
BAT val 30991972 3 3182
BAT val 31002146 2 3181
BAT val 31012352 2 3179
BAT val 31022558 3 3182
BAT val 31032762 2 3178
BAT val 31042946 2 3179
BAT val 31053180 2 3181
BAT val 31063394 2 3178
BAT val 31073606 2 3179
BAT val 31083782 3 3182
BAT val 31094016 2 3179
BAT val 31104226 2 3180
BAT val 31114438 1 3175
BAT val 31124648 2 3178
BAT val 31134857 1 3177
BAT val 31145059 0 3171
BAT val 31155274 2 3178
BAT val 31165483 1 3177
BAT val 31175692 2 3180
BAT val 31185898 1 3175
BAT val 31196111 2 3179
BAT val 31206340 2 3178
BAT val 31216550 1 3177
BAT val 31226762 1 3176
BAT val 31236973 0 3173
BAT val 31247172 2 3179
BAT val 31257390 0 3173
BAT val 31267597 2 3178
BAT val 31277809 1 3176
BAT val 31288016 1 3174
BAT val 31298221 1 3174
BAT val 31308433 1 3177
BAT val 31318644 1 3175
BAT val 31328846 0 3171
BAT val 31339057 0 3173
BAT val 31349261 0 3173
BAT val 31359470 1 3174
BAT val 31369682 1 3176
BAT val 31379891 0 3173
BAT val 31390070 1 3177
BAT val 31400279 0 3173
BAT val 31410482 0 3170
BAT val 31420693 0 3173
BAT val 31430869 0 3170
BAT val 31441074 0 3171
BAT val 31451287 1 3174
BAT val 31461492 0 3172
BAT val 31471697 0 3169
BAT val 31481903 0 3169
BAT val 31492113 0 3170
BAT val 31502319 0 3169
BAT val 31512561 0 3170
BAT val 31522772 0 3156
BAT val 31532984 2 3167
BAT val 31543191 3 3170
BAT val 31553403 2 3167
BAT val 31563611 2 3166
BAT val 31573820 3 3169
BAT val 31584026 2 3167
BAT val 31594238 2 3164
BAT val 31604444 3 3169
BAT val 31614650 2 3166
BAT val 31624858 1 3162
BAT val 31635037 1 3162
BAT val 31645242 2 3167
BAT val 31655451 1 3163
BAT val 31665660 1 3163
BAT val 31675839 2 3165
BAT val 31686045 2 3164
BAT val 31696252 0 3159
BAT val 31706429 0 3155
BAT val 31716632 1 3159
BAT val 31726836 2 3163
BAT val 31737044 1 3159
BAT val 31747261 0 3157
BAT val 31757472 1 3162
BAT val 31767673 1 3159
BAT val 31777889 0 3158
BAT val 31788120 1 3160
BAT val 31798336 0 3156
BAT val 31808545 0 3157
BAT val 31818754 0 3157
BAT val 31828962 0 3156
BAT val 31839172 0 3154
BAT val 31849380 1 3159
BAT val 31859587 0 3153
BAT val 31869790 1 3157
BAT val 31880008 0 3155
BAT val 31890213 0 3153
BAT val 31900426 0 3147
BAT val 31910634 1 3152
BAT val 31920840 1 3152
BAT val 31931052 1 3151
BAT val 31941258 1 3152
BAT val 31951463 2 3155
BAT val 31961672 1 3151
BAT val 31971911 0 3150
BAT val 31982120 0 3149
BAT val 31992326 1 3151
BAT val 32002537 1 3151
BAT val 32012718 0 3150
BAT val 32022922 0 3149
BAT val 32033128 0 3150
BAT val 32043307 0 3145
BAT val 32053513 0 3148
BAT val 32063728 0 3146
BAT val 32073934 0 3146
BAT val 32084145 0 3141
BAT val 32094388 1 3148
BAT val 32104591 1 3145
BAT val 32114796 1 3146
BAT val 32124977 0 3143
BAT val 32135182 0 3144
BAT val 32145392 1 3145
BAT val 32155630 1 3146
BAT val 32165840 0 3142
BAT val 32176049 0 3141
BAT val 32186287 1 3145
BAT val 32196504 0 3142
BAT val 32206708 0 3138
BAT val 32216919 0 3137
BAT val 32227131 1 3141
BAT val 32237340 0 3138
BAT val 32247543 0 3139
BAT val 32257722 0 3140
BAT val 32267926 0 3138
BAT val 32278131 0 3124
BAT val 32288309 2 3134
BAT val 32298516 2 3134
BAT val 32308722 1 3132
BAT val 32318936 2 3135
BAT val 32329110 2 3133
BAT val 32339293 2 3133
BAT val 32349497 2 3133
BAT val 32359703 1 3131
BAT val 32369878 1 3131
BAT val 32380084 1 3131
BAT val 32390295 1 3131
BAT val 32400502 1 3131
BAT val 32410684 1 3130
BAT val 32420889 1 3129
BAT val 32431123 1 3132
BAT val 32441337 0 3127
BAT val 32451547 0 3128
BAT val 32461756 0 3123
BAT val 32471958 0 3126
BAT val 32482173 0 3126
BAT val 32492382 0 3124
BAT val 32502556 0 3124
BAT val 32512763 0 3123
BAT val 32522969 0 3124
BAT val 32533172 0 3125
BAT val 32543383 0 3122
BAT val 32553595 0 3124
BAT val 32563804 0 3122
BAT val 32574033 0 3121
BAT val 32584277 0 3120
BAT val 32594486 0 3119
BAT val 32604695 0 3120
BAT val 32614909 0 3120
BAT val 32625120 0 3117
BAT val 32635327 0 3117
BAT val 32645531 0 3109
BAT val 32655745 0 3113
BAT val 32665956 1 3117
BAT val 32676162 1 3116
BAT val 32686369 1 3114
BAT val 32696580 0 3113
BAT val 32706789 1 3115
BAT val 32716993 1 3114
BAT val 32727201 1 3114
BAT val 32737412 0 3112
BAT val 32747616 0 3108
BAT val 32757856 0 3112
BAT val 32768067 0 3111
BAT val 32778272 0 3109
BAT val 32788484 0 3107
BAT val 32798693 0 3110
BAT val 32808902 0 3108
BAT val 32819132 0 3107
BAT val 32829357 0 3105
BAT val 32839529 0 3103
BAT val 32849734 0 3105
BAT val 32859943 0 3104
BAT val 32870147 0 3100
BAT val 32880332 0 3101
BAT val 32890565 0 3101
BAT val 32900771 0 3101
BAT val 32910988 0 3098
BAT val 32921167 0 3097
BAT val 32931373 0 3100
BAT val 32941582 0 3097
BAT val 32951781 0 3097
BAT val 32961969 0 3095
BAT val 32972171 0 3097
BAT val 32982381 0 3096
BAT val 32992560 0 3094
BAT val 33002739 0 3093
BAT val 33012967 0 3093
BAT val 33023209 0 3085
BAT val 33033446 1 3091
BAT val 33043664 1 3091
BAT val 33053873 1 3092
BAT val 33064082 0 3088
BAT val 33074290 0 3088
BAT val 33084495 0 3087
BAT val 33094705 0 3089
BAT val 33104917 0 3086
BAT val 33115120 0 3086
BAT val 33125336 0 3089
BAT val 33135541 0 3084
BAT val 33145754 0 3082
BAT val 33155962 0 3081
BAT val 33166168 0 3080
BAT val 33176380 0 3083
BAT val 33186586 0 3083
BAT val 33196791 0 3081
BAT val 33206997 0 3080
BAT val 33217176 0 3073
BAT val 33227355 1 3080
BAT val 33237560 0 3076
BAT val 33247767 0 3077
BAT val 33257971 0 3075
BAT val 33268186 0 3075
BAT val 33278391 0 3073
BAT val 33288598 0 3072
BAT val 33298780 0 3072
BAT val 33309012 0 3072
BAT val 33319204 0 3071
BAT val 33329407 0 3072
BAT val 33339613 0 3069
BAT val 33349821 0 3069
BAT val 33360030 0 3068
BAT val 33370230 0 3066
BAT val 33380445 0 3065
BAT val 33390647 0 3064
BAT val 33400856 0 3058
BAT val 33411064 1 3063
BAT val 33421244 1 3063
BAT val 33431453 0 3060
BAT val 33441656 0 3060
BAT val 33451896 0 3062
BAT val 33462079 0 3061
BAT val 33472285 0 3057
BAT val 33482494 0 3060
BAT val 33492696 0 3058
BAT val 33502911 0 3056
BAT val 33513117 0 3057
BAT val 33523328 0 3053
BAT val 33533505 0 3054
BAT val 33543707 0 3050
BAT val 33553921 0 3051
BAT val 33564129 0 3053
BAT val 33574334 0 3048
BAT val 33584571 0 3046
BAT val 33594785 0 3045
BAT val 33604994 0 3048
BAT val 33615200 0 3047
BAT val 33625375 0 3048
BAT val 33635581 0 3047
BAT val 33645789 0 3047
BAT val 33655993 0 3044
BAT val 33666178 0 3046
BAT val 33676387 0 3043
BAT val 33686595 0 3045
BAT val 33696804 0 3041
BAT val 33707004 0 3044
BAT val 33717215 0 3037
BAT val 33727428 0 3037
BAT val 33737627 0 3035
BAT val 33747815 0 3039
BAT val 33758018 0 3036
BAT val 33768233 0 3030
BAT val 33778432 0 3033
BAT val 33788619 0 3033
BAT val 33798823 0 3033
BAT val 33809032 0 3027
BAT val 33819232 0 3029
BAT val 33829420 0 3026
BAT val 33839626 0 3027
BAT val 33849828 0 3027
BAT val 33860037 0 3023
BAT val 33870245 0 3020
BAT val 33880454 0 3025
BAT val 33890663 0 3020
BAT val 33900872 0 3022
BAT val 33911081 0 3020
BAT val 33921290 0 3018
BAT val 33931499 0 3017
BAT val 33941704 0 3017
BAT val 33951907 0 3015
BAT val 33962125 0 3015
BAT val 33972331 0 3013
BAT val 33982537 0 3012
BAT val 33992745 0 3012
BAT val 34002985 0 3012
BAT val 34013164 0 3009
BAT val 34023371 0 3006
BAT val 34033581 0 3006
BAT val 34043821 0 3006
BAT val 34054030 0 3007
BAT val 34064239 0 3005
BAT val 34074477 0 3004
BAT val 34084695 0 3005
BAT val 34094899 0 2999
BAT val 34105108 0 3002
BAT val 34115320 0 2999
BAT val 34125532 0 2997
BAT val 34135737 0 2999
BAT val 34145947 0 2996
BAT val 34156156 0 2989
BAT val 34166367 0 2992
BAT val 34176573 0 2991
BAT val 34186779 0 2992
BAT val 34196991 0 2991
BAT val 34207196 0 2989
BAT val 34217402 0 2987
BAT val 34227613 0 2986
BAT val 34237820 0 2985
BAT val 34247999 0 2985
BAT val 34258196 0 2983
BAT val 34268380 0 2979
BAT val 34278582 0 2982
BAT val 34288796 0 2980
BAT val 34299003 0 2978
BAT val 34309210 0 2978
BAT val 34319418 0 2976
BAT val 34329627 0 2975
BAT val 34339833 0 2968
BAT val 34350050 1 2974
BAT val 34360264 0 2970
BAT val 34370463 0 2971
BAT val 34380642 0 2970
BAT val 34390847 0 2967
BAT val 34401085 0 2966
BAT val 34411295 0 2964
BAT val 34421502 0 2962
BAT val 34431713 0 2963
BAT val 34441927 0 2960
BAT val 34452161 0 2961
BAT val 34462369 0 2960
BAT val 34472613 0 2957
BAT val 34482791 0 2957
BAT val 34493025 0 2953
BAT val 34503239 0 2955
BAT val 34513447 0 2951
BAT val 34523657 0 2948
BAT val 34533862 0 2941
BAT val 34544071 1 2948
BAT val 34554277 0 2946
BAT val 34564483 0 2944
BAT val 34574691 0 2943
BAT val 34584906 0 2945
BAT val 34595114 0 2940
BAT val 34605350 0 2941
BAT val 34615558 0 2938
BAT val 34625777 0 2939
BAT val 34636008 0 2936
BAT val 34646224 0 2935
BAT val 34656433 0 2934
BAT val 34666642 0 2932
BAT val 34676850 0 2929
BAT val 34687055 0 2927
BAT val 34697268 0 2923
BAT val 34707477 0 2928
BAT val 34717680 0 2923
BAT val 34727896 0 2917
BAT val 34738104 0 2922
BAT val 34748314 0 2919
BAT val 34758522 0 2918
BAT val 34768728 0 2915
BAT val 34778940 0 2913
BAT val 34789146 0 2914
BAT val 34799351 0 2912
BAT val 34809560 0 2909
BAT val 34819801 0 2908
BAT val 34830008 0 2908
BAT val 34840217 0 2903
BAT val 34850427 0 2903
BAT val 34860668 0 2900
BAT val 34870850 0 2897
BAT val 34881052 0 2899
BAT val 34891292 0 2898
BAT val 34901508 0 2894
BAT val 34911710 0 2893
BAT val 34921922 0 2883
BAT val 34932125 1 2891
BAT val 34942333 0 2886
BAT val 34952548 0 2885
BAT val 34962756 0 2882
BAT val 34972961 0 2880
BAT val 34983166 0 2880
BAT val 34993348 0 2881
BAT val 35003556 0 2878
BAT val 35013757 0 2876
BAT val 35023945 0 2873
BAT val 35034150 0 2874
BAT val 35044358 0 2872
BAT val 35054538 0 2867
BAT val 35064713 0 2867
BAT val 35074940 0 2867
BAT val 35085158 0 2865
BAT val 35095390 0 2863
BAT val 35105577 0 2853
BAT val 35115808 0 2858
BAT val 35126023 0 2857
BAT val 35136224 0 2856
BAT val 35146441 0 2853
BAT val 35156650 0 2853
BAT val 35166859 0 2849
BAT val 35177068 0 2849
BAT val 35187268 0 2846
BAT val 35197486 0 2843
BAT val 35207695 0 2841
BAT val 35217904 0 2841
BAT val 35228106 0 2837
BAT val 35238292 0 2835
BAT val 35248524 0 2836
BAT val 35258740 0 2836
BAT val 35268940 0 2829
BAT val 35279128 0 2830
BAT val 35289360 0 2829
BAT val 35299575 0 2821
BAT val 35309751 0 2825
BAT val 35319928 0 2823
BAT val 35330128 0 2820
BAT val 35340332 0 2818
BAT val 35350540 0 2817
BAT val 35360783 0 2816
BAT val 35370972 0 2812
BAT val 35381173 0 2807
BAT val 35391380 0 2808
BAT val 35401594 0 2804
BAT val 35411796 0 2801
BAT val 35422005 0 2800
BAT val 35432185 0 2799
BAT val 35442395 0 2795
BAT val 35452598 0 2795
BAT val 35462807 0 2796
BAT val 35473013 0 2790
BAT val 35483225 0 2781
BAT val 35493434 0 2784
BAT val 35503636 0 2782
BAT val 35513842 0 2778
BAT val 35524056 0 2777
BAT val 35534230 0 2773
BAT val 35544413 0 2773
BAT val 35554617 0 2770
BAT val 35564823 0 2770
